number,value,datetime_start,datetime_complete,duration,params_batch_size,params_drop_out,params_layber_number,params_lr,params_unit,state
0,0.2158033311367035,2025-09-04 18:24:52.317027,2025-09-04 18:24:53.472531,0 days 00:00:01.155504,48,0.24405257188606358,4,0.0006212553760132315,80,COMPLETE
1,0.22369578182697297,2025-09-04 18:24:53.472613,2025-09-04 18:24:54.590559,0 days 00:00:01.117946,96,0.2489060119993296,3,9.885402424650817e-05,128,COMPLETE
2,0.22396604120731353,2025-09-04 18:24:54.590644,2025-09-04 18:24:55.728047,0 days 00:00:01.137403,48,0.20732503512635878,4,0.0028445192040603778,80,COMPLETE
3,0.20211495757102965,2025-09-04 18:24:55.728140,2025-09-04 18:24:57.038999,0 days 00:00:01.310859,112,0.02917951818570239,7,0.0002976911185027551,48,COMPLETE
4,0.6387871623039245,2025-09-04 18:24:57.039093,2025-09-04 18:24:58.372381,0 days 00:00:01.333288,64,0.07366264431315825,7,3.0101423155269158e-05,64,COMPLETE
5,0.19859108924865723,2025-09-04 18:24:58.372469,2025-09-04 18:24:59.738342,0 days 00:00:01.365873,48,0.021849888133368734,5,0.00010213696397082864,112,COMPLETE
6,0.18778746724128723,2025-09-04 18:24:59.738423,2025-09-04 18:25:00.553057,0 days 00:00:00.814634,80,0.08726365663260623,1,0.0023891058824238513,80,COMPLETE
7,0.300076887011528,2025-09-04 18:25:00.553152,2025-09-04 18:25:04.075828,0 days 00:00:03.522676,16,0.005672992361862272,6,1.4625460001182625e-05,96,COMPLETE
8,0.2049626350402832,2025-09-04 18:25:04.075910,2025-09-04 18:25:05.053599,0 days 00:00:00.977689,80,0.2805728679441645,2,0.004778227634902419,128,COMPLETE
9,0.23536441028118132,2025-09-04 18:25:05.053691,2025-09-04 18:25:05.908448,0 days 00:00:00.854757,64,0.2628958459112951,2,0.00020810012040701047,48,COMPLETE
10,0.19578406810760499,2025-09-04 18:25:05.908617,2025-09-04 18:25:06.546530,0 days 00:00:00.637913,128,0.12533386400588378,1,0.0010647877523437639,16,COMPLETE
11,0.21280256509780884,2025-09-04 18:25:06.546622,2025-09-04 18:25:07.179675,0 days 00:00:00.633053,128,0.12500793028251542,1,0.0011852128934861195,16,COMPLETE
12,0.22336920499801635,2025-09-04 18:25:07.179763,2025-09-04 18:25:07.808056,0 days 00:00:00.628293,128,0.13428109580891426,1,0.0016778690094520282,16,COMPLETE
13,0.2145530253648758,2025-09-04 18:25:07.808145,2025-09-04 18:25:08.667903,0 days 00:00:00.859758,96,0.0871784025435336,2,0.008079864432466671,48,COMPLETE
14,0.20567797720432282,2025-09-04 18:25:08.667990,2025-09-04 18:25:10.492294,0 days 00:00:01.824304,16,0.16114560407462175,1,0.0006701538272597654,32,COMPLETE
15,0.20507572889328002,2025-09-04 18:25:10.492400,2025-09-04 18:25:11.510883,0 days 00:00:01.018483,112,0.18183417149272812,3,0.0022722714976698213,96,COMPLETE
16,0.23583847880363465,2025-09-04 18:25:11.510974,2025-09-04 18:25:12.543343,0 days 00:00:01.032369,96,0.08727293661731926,3,0.009367170346335043,64,COMPLETE
17,0.20182881355285645,2025-09-04 18:25:12.543442,2025-09-04 18:25:14.216762,0 days 00:00:01.673320,80,0.064614185497357,8,0.0008867340405906077,96,COMPLETE
18,0.23202256560325624,2025-09-04 18:25:14.216882,2025-09-04 18:25:14.858730,0 days 00:00:00.641848,112,0.1172319504536958,1,0.0035727294963798658,32,COMPLETE
19,0.25862703025341033,2025-09-04 18:25:14.858821,2025-09-04 18:25:15.832221,0 days 00:00:00.973400,128,0.04995827067451648,5,0.0005082658670805296,32,COMPLETE
20,0.2097609132528305,2025-09-04 18:25:15.832308,2025-09-04 18:25:17.536675,0 days 00:00:01.704367,32,0.2072168076137647,2,0.00013369768636893175,64,COMPLETE
21,0.2242150753736496,2025-09-04 18:25:17.536756,2025-09-04 18:25:18.841561,0 days 00:00:01.304805,48,0.011732587099430425,5,5.1971454765779356e-05,112,COMPLETE
22,0.237481227517128,2025-09-04 18:25:18.841646,2025-09-04 18:25:21.417312,0 days 00:00:02.575666,32,0.09505841419779569,6,7.199570851652726e-05,112,COMPLETE
23,0.2052174136042595,2025-09-04 18:25:21.417433,2025-09-04 18:25:22.670044,0 days 00:00:01.252611,64,0.038561958482803305,4,0.000293915843407059,112,COMPLETE
24,0.24821109771728517,2025-09-04 18:25:22.670159,2025-09-04 18:25:25.124254,0 days 00:00:02.454095,32,0.15809656776607695,6,0.001476373351177122,80,COMPLETE
25,0.2187276691198349,2025-09-04 18:25:25.124345,2025-09-04 18:25:26.403492,0 days 00:00:01.279147,80,0.10139610802234515,5,0.00016501694263367528,96,COMPLETE
26,0.2292074203491211,2025-09-04 18:25:26.403580,2025-09-04 18:25:27.506851,0 days 00:00:01.103271,48,0.05707533354018485,3,4.141607319990338e-05,128,COMPLETE
27,0.2033044546842575,2025-09-04 18:25:27.506943,2025-09-04 18:25:28.445356,0 days 00:00:00.938413,64,0.029684350065741077,2,0.0004379403869421473,112,COMPLETE
28,0.1891424149274826,2025-09-04 18:25:28.445445,2025-09-04 18:25:29.226010,0 days 00:00:00.780565,96,0.142423117779276,1,0.005480327035012977,80,COMPLETE
29,0.2365982264280319,2025-09-04 18:25:29.226112,2025-09-04 18:25:30.010628,0 days 00:00:00.784516,96,0.18609174532691874,1,0.006264927467623035,80,COMPLETE
30,0.20219194293022155,2025-09-04 18:25:30.010726,2025-09-04 18:25:30.814370,0 days 00:00:00.803644,112,0.1398071749834055,1,0.0036621922830004,80,COMPLETE
31,0.21626389920711517,2025-09-04 18:25:30.814465,2025-09-04 18:25:31.874630,0 days 00:00:01.060165,80,0.11730767334839516,4,0.0023103354132937523,64,COMPLETE
32,0.2000015825033188,2025-09-04 18:25:31.874892,2025-09-04 18:25:32.801603,0 days 00:00:00.926711,96,0.1049792071621384,2,0.000806612026894984,96,COMPLETE
33,0.24451672434806823,2025-09-04 18:25:32.801685,2025-09-04 18:25:33.795593,0 days 00:00:00.993908,80,0.17366339514643547,3,0.005361920767535251,80,COMPLETE
34,0.22003015875816345,2025-09-04 18:25:33.795681,2025-09-04 18:25:34.810337,0 days 00:00:01.014656,96,0.15055765784797087,4,0.0018198685313538358,48,COMPLETE
35,0.18764491975307465,2025-09-04 18:25:34.810427,2025-09-04 18:25:35.572258,0 days 00:00:00.761831,112,0.2039103388119389,1,0.0012271835960705798,64,COMPLETE
36,0.18883345127105713,2025-09-04 18:25:35.572345,2025-09-04 18:25:36.337523,0 days 00:00:00.765178,112,0.22383779417431518,1,0.001087157944861126,64,COMPLETE
37,0.2104131519794464,2025-09-04 18:25:36.337611,2025-09-04 18:25:37.199479,0 days 00:00:00.861868,112,0.2255898280467823,2,0.003022091760925011,64,COMPLETE
38,0.2091454327106476,2025-09-04 18:25:37.199563,2025-09-04 18:25:37.992904,0 days 00:00:00.793341,112,0.23435041445599905,1,0.0044397830445527696,64,COMPLETE
39,0.20282427072525025,2025-09-04 18:25:37.992996,2025-09-04 18:25:38.777839,0 days 00:00:00.784843,96,0.20498692274456218,1,0.0012999196317891493,80,COMPLETE
40,0.21562486588954927,2025-09-04 18:25:38.777939,2025-09-04 18:25:39.627007,0 days 00:00:00.849068,112,0.29634094476702344,2,0.0023886131568463466,48,COMPLETE
41,0.19910859167575837,2025-09-04 18:25:39.627095,2025-09-04 18:25:40.403083,0 days 00:00:00.775988,128,0.25366563381449253,1,0.0008562232534014459,80,COMPLETE
42,0.17255383133888244,2025-09-04 18:25:40.403179,2025-09-04 18:25:41.173472,0 days 00:00:00.770293,128,0.2251639725915736,1,0.0012111089690999084,64,COMPLETE
43,0.17834295928478242,2025-09-04 18:25:41.173554,2025-09-04 18:25:42.072471,0 days 00:00:00.898917,112,0.22531980591574932,2,0.000496197639746968,64,COMPLETE
44,0.2091293901205063,2025-09-04 18:25:42.072562,2025-09-04 18:25:42.946727,0 days 00:00:00.874165,128,0.22135416355966647,2,0.0004908208522692312,64,COMPLETE
45,0.1926175981760025,2025-09-04 18:25:42.946813,2025-09-04 18:25:43.705770,0 days 00:00:00.758957,112,0.26246521153317526,1,0.00033793374930615646,48,COMPLETE
46,0.24354030787944794,2025-09-04 18:25:43.705859,2025-09-04 18:25:44.660580,0 days 00:00:00.954721,128,0.23703741859539978,3,0.0006744350205739347,64,COMPLETE
47,0.7778274536132812,2025-09-04 18:25:44.660673,2025-09-04 18:25:45.501555,0 days 00:00:00.840882,128,0.27565145517934597,2,1.3633654844532212e-05,48,COMPLETE
48,0.19006889164447785,2025-09-04 18:25:45.501656,2025-09-04 18:25:46.356161,0 days 00:00:00.854505,112,0.20093222884973858,2,0.0011991613750036562,64,COMPLETE
49,0.1946151703596115,2025-09-04 18:25:46.356266,2025-09-04 18:25:47.108367,0 days 00:00:00.752101,112,0.21600013905645862,1,0.0002496336525454556,48,COMPLETE
50,0.1913371741771698,2025-09-04 18:25:47.108454,2025-09-04 18:25:47.867522,0 days 00:00:00.759068,128,0.1917442642197435,1,0.001741810295848959,64,COMPLETE
51,0.19055047035217285,2025-09-04 18:25:47.867614,2025-09-04 18:25:48.672847,0 days 00:00:00.805233,96,0.24907589221564963,1,0.0011166291519212313,80,COMPLETE
52,0.20609818696975707,2025-09-04 18:25:48.672934,2025-09-04 18:25:49.446006,0 days 00:00:00.773072,96,0.17185565746220616,1,0.006564755253759105,80,COMPLETE
53,0.20869915187358856,2025-09-04 18:25:49.446094,2025-09-04 18:25:50.208909,0 days 00:00:00.762815,112,0.23315839087611326,1,0.0030548418951711715,64,COMPLETE
54,0.18589531779289245,2025-09-04 18:25:50.209022,2025-09-04 18:25:51.088730,0 days 00:00:00.879708,80,0.19905287583428757,2,0.0006146514981387319,80,COMPLETE
55,0.18585992455482483,2025-09-04 18:25:51.088815,2025-09-04 18:25:52.069909,0 days 00:00:00.981094,64,0.19682751085892672,2,0.00035265989255850845,96,COMPLETE
56,0.19817463755607606,2025-09-04 18:25:52.069993,2025-09-04 18:25:53.094761,0 days 00:00:01.024768,64,0.19509415679368253,3,0.0003500387312801909,96,COMPLETE
57,0.20115256011486055,2025-09-04 18:25:53.094850,2025-09-04 18:25:54.025665,0 days 00:00:00.930815,80,0.21511726898628958,2,0.0005579431343256024,96,COMPLETE
58,0.18123004734516143,2025-09-04 18:25:54.025765,2025-09-04 18:25:54.937527,0 days 00:00:00.911762,48,0.17802495957854528,2,0.0003987746864696283,96,COMPLETE
59,0.18710163831710816,2025-09-04 18:25:54.937631,2025-09-04 18:25:55.961116,0 days 00:00:01.023485,48,0.16879725690595634,3,0.00019331016933150157,96,COMPLETE
60,0.22591906189918518,2025-09-04 18:25:55.961208,2025-09-04 18:25:56.976068,0 days 00:00:01.014860,48,0.1738646716375455,3,0.00012932593983316085,96,COMPLETE
61,0.19057422280311584,2025-09-04 18:25:56.976158,2025-09-04 18:25:57.907930,0 days 00:00:00.931772,48,0.1819683763355819,2,0.00022123086301732969,96,COMPLETE
62,0.2002757489681244,2025-09-04 18:25:57.908020,2025-09-04 18:25:59.639916,0 days 00:00:01.731896,32,0.16535318262515739,2,0.0004087414580844567,112,COMPLETE
63,0.20486161410808562,2025-09-04 18:25:59.640009,2025-09-04 18:26:00.817051,0 days 00:00:01.177042,64,0.20026479571589056,3,0.0006896219005654642,96,COMPLETE
64,0.1868283212184906,2025-09-04 18:26:00.817167,2025-09-04 18:26:01.728556,0 days 00:00:00.911389,48,0.21418143400622405,2,0.0001490353251437187,96,COMPLETE
65,0.18907694518566132,2025-09-04 18:26:01.728644,2025-09-04 18:26:02.626180,0 days 00:00:00.897536,48,0.1924136768765453,2,0.00017891534938431998,96,COMPLETE
66,0.2441583663225174,2025-09-04 18:26:02.626263,2025-09-04 18:26:03.668394,0 days 00:00:01.042131,48,0.21110019968287977,3,9.269740869186497e-05,112,COMPLETE
67,0.20136721432209015,2025-09-04 18:26:03.668492,2025-09-04 18:26:05.310341,0 days 00:00:01.641849,32,0.24263344378897853,2,0.0002736377202931686,96,COMPLETE
68,0.1700366586446762,2025-09-04 18:26:05.310430,2025-09-04 18:26:06.347577,0 days 00:00:01.037147,64,0.14922744791828396,3,0.0003791550105096439,112,COMPLETE
69,0.17958858013153076,2025-09-04 18:26:06.347663,2025-09-04 18:26:07.280480,0 days 00:00:00.932817,64,0.15452126053560086,2,0.00040415231636308847,128,COMPLETE
70,0.23540970385074617,2025-09-04 18:26:07.280567,2025-09-04 18:26:09.013194,0 days 00:00:01.732627,64,0.1525323722737416,8,0.0003920255087119182,128,COMPLETE
71,0.17817331552505494,2025-09-04 18:26:09.013283,2025-09-04 18:26:09.946116,0 days 00:00:00.932833,64,0.18548550715103604,2,0.0005638545032743866,128,COMPLETE
72,0.20399010479450225,2025-09-04 18:26:09.946205,2025-09-04 18:26:10.878155,0 days 00:00:00.931950,64,0.1305613611486764,2,0.0006097233010795271,128,COMPLETE
73,0.17398825883865357,2025-09-04 18:26:10.878243,2025-09-04 18:26:11.809580,0 days 00:00:00.931337,64,0.1590335119605289,2,0.0005209991160652567,128,COMPLETE
74,0.18757031559944154,2025-09-04 18:26:11.809669,2025-09-04 18:26:12.877928,0 days 00:00:01.068259,64,0.15769482351628972,3,0.0004952962546161684,128,COMPLETE
75,0.19822979867458343,2025-09-04 18:26:12.878019,2025-09-04 18:26:13.819382,0 days 00:00:00.941363,64,0.14453143555214001,2,0.00033057989207848086,128,COMPLETE
76,0.19649181365966797,2025-09-04 18:26:13.819474,2025-09-04 18:26:15.314346,0 days 00:00:01.494872,64,0.1791078852556233,7,0.0008742463353817936,112,COMPLETE
77,0.1838697761297226,2025-09-04 18:26:15.314431,2025-09-04 18:26:16.378485,0 days 00:00:01.064054,64,0.18756929960531768,3,0.0002442403761512372,128,COMPLETE
78,0.1793843239545822,2025-09-04 18:26:16.378578,2025-09-04 18:26:17.660119,0 days 00:00:01.281541,80,0.12002718760320764,4,0.0002367697878710912,128,COMPLETE
79,0.17365419417619704,2025-09-04 18:26:17.660211,2025-09-04 18:26:18.843831,0 days 00:00:01.183620,80,0.11341386756329655,4,0.0004296712488704964,128,COMPLETE
80,0.41210063695907595,2025-09-04 18:26:18.843923,2025-09-04 18:26:20.032147,0 days 00:00:01.188224,80,0.1188487991810249,4,1.9804191573628945e-05,128,COMPLETE
81,0.17700034379959106,2025-09-04 18:26:20.032241,2025-09-04 18:26:21.211092,0 days 00:00:01.178851,80,0.10974188299416646,4,0.0004520920974859881,128,COMPLETE
82,0.19039689898490905,2025-09-04 18:26:21.211194,2025-09-04 18:26:22.389817,0 days 00:00:01.178623,80,0.07448868224564446,4,0.0004746327383155258,128,COMPLETE
83,0.19781304001808167,2025-09-04 18:26:22.389906,2025-09-04 18:26:23.673908,0 days 00:00:01.284002,80,0.1112542572621309,4,0.0007603461654895344,128,COMPLETE
84,0.19120486676692963,2025-09-04 18:26:23.674006,2025-09-04 18:26:24.981298,0 days 00:00:01.307292,80,0.13155001256121254,5,0.0002914971354784961,128,COMPLETE
85,0.2026467204093933,2025-09-04 18:26:24.981394,2025-09-04 18:26:26.129484,0 days 00:00:01.148090,64,0.09831442898287786,4,0.000955737221229931,112,COMPLETE
86,0.18721999526023864,2025-09-04 18:26:26.129584,2025-09-04 18:26:27.434148,0 days 00:00:01.304564,80,0.082554123722481,5,0.0005376883296364087,128,COMPLETE
87,0.20323918163776397,2025-09-04 18:26:27.434236,2025-09-04 18:26:28.587393,0 days 00:00:01.153157,64,0.12617406663426597,4,0.00021754790320097233,112,COMPLETE
88,0.1906566858291626,2025-09-04 18:26:28.587482,2025-09-04 18:26:29.772653,0 days 00:00:01.185171,80,0.14116979940046268,4,0.00043769352677949596,128,COMPLETE
89,0.2104874551296234,2025-09-04 18:26:29.772741,2025-09-04 18:26:30.962391,0 days 00:00:01.189650,64,0.13609403611927254,4,0.00028988258120203055,128,COMPLETE
90,0.20697167217731477,2025-09-04 18:26:30.962479,2025-09-04 18:26:32.230161,0 days 00:00:01.267682,80,0.1119942762011388,5,0.0007111349881197381,112,COMPLETE
91,0.18116928339004518,2025-09-04 18:26:32.230252,2025-09-04 18:26:33.304181,0 days 00:00:01.073929,64,0.16060155263629586,3,0.00039845009895724876,128,COMPLETE
92,0.19567441046237946,2025-09-04 18:26:33.304268,2025-09-04 18:26:34.372869,0 days 00:00:01.068601,64,0.1613845097075639,3,0.0006003772347951099,128,COMPLETE
93,0.18283145427703856,2025-09-04 18:26:34.372952,2025-09-04 18:26:35.560111,0 days 00:00:01.187159,64,0.15186441486428204,4,0.0003872568126196839,128,COMPLETE
94,0.21826567649841308,2025-09-04 18:26:35.560202,2025-09-04 18:26:36.626712,0 days 00:00:01.066510,80,0.12299455218577221,3,0.0014414009147842616,128,COMPLETE
95,0.19054338037967683,2025-09-04 18:26:36.626795,2025-09-04 18:26:37.827156,0 days 00:00:01.200361,64,0.1091650294923107,4,0.00024149885853836959,128,COMPLETE
96,0.21622211039066314,2025-09-04 18:26:37.827246,2025-09-04 18:26:38.904522,0 days 00:00:01.077276,80,0.14492983858436978,3,0.0009614853343867062,128,COMPLETE
97,0.20261361300945283,2025-09-04 18:26:38.904611,2025-09-04 18:26:40.183019,0 days 00:00:01.278408,64,0.09129905018754965,5,0.00047235345348636707,112,COMPLETE
98,0.19803865849971772,2025-09-04 18:26:40.183099,2025-09-04 18:26:41.256055,0 days 00:00:01.072956,64,0.1557431075059489,3,0.0003233132045397864,128,COMPLETE
99,0.1999667078256607,2025-09-04 18:26:41.256133,2025-09-04 18:26:42.410410,0 days 00:00:01.154277,96,0.16340272062003075,4,0.0005220807708690756,112,COMPLETE
