number,value,datetime_start,datetime_complete,duration,params_batch_size,params_drop_out,params_layber_number,params_lr,params_unit,state
0,0.43688775300979615,2025-09-04 18:49:23.308885,2025-09-04 18:49:24.577206,0 days 00:00:01.268321,112,0.15005449042371274,1,2.1145024607287435e-05,112,COMPLETE
1,0.31533652544021606,2025-09-04 18:49:24.577328,2025-09-04 18:49:25.786172,0 days 00:00:01.208844,64,0.003397177987344135,7,4.79531517205141e-05,48,COMPLETE
2,0.8039718747138977,2025-09-04 18:49:25.786265,2025-09-04 18:49:26.706264,0 days 00:00:00.919999,128,0.28880213649470715,5,3.308070528824159e-05,32,COMPLETE
3,0.30155458450317385,2025-09-04 18:49:26.706352,2025-09-04 18:49:29.163054,0 days 00:00:02.456702,16,0.1559341784342734,3,4.5384865330654555e-05,64,COMPLETE
4,0.7870983839035034,2025-09-04 18:49:29.163137,2025-09-04 18:49:30.015704,0 days 00:00:00.852567,48,0.15100193041831259,4,1.6244843489487013e-05,32,COMPLETE
5,0.1908739000558853,2025-09-04 18:49:30.015801,2025-09-04 18:49:31.656108,0 days 00:00:01.640307,80,0.029593238213217708,8,0.00012057364616252487,128,COMPLETE
6,0.5666162133216858,2025-09-04 18:49:31.656196,2025-09-04 18:49:32.337108,0 days 00:00:00.680912,128,0.02072627173083762,2,6.798347517992772e-05,16,COMPLETE
7,0.7999973893165588,2025-09-04 18:49:32.337193,2025-09-04 18:49:33.475873,0 days 00:00:01.138680,96,0.28781064837212866,8,0.00011184543400888841,32,COMPLETE
8,0.7967310905456543,2025-09-04 18:49:33.475970,2025-09-04 18:49:34.698824,0 days 00:00:01.222854,48,0.28733815976202276,6,1.244561976699453e-05,80,COMPLETE
9,0.2661260426044464,2025-09-04 18:49:34.698908,2025-09-04 18:49:35.989505,0 days 00:00:01.290597,112,0.14313354936373973,8,0.0026848803608280876,48,COMPLETE
10,0.2027153730392456,2025-09-04 18:49:35.989592,2025-09-04 18:49:37.381834,0 days 00:00:01.392242,80,0.07724466071745048,6,0.0008302453234927327,128,COMPLETE
11,0.19750672876834868,2025-09-04 18:49:37.381933,2025-09-04 18:49:38.804672,0 days 00:00:01.422739,80,0.06984855301245534,6,0.0007233996440996723,128,COMPLETE
12,0.2226778507232666,2025-09-04 18:49:38.804761,2025-09-04 18:49:40.192702,0 days 00:00:01.387941,80,0.06873704894607602,7,0.00028971882382309807,96,COMPLETE
13,0.20761549472808838,2025-09-04 18:49:40.192792,2025-09-04 18:49:41.591002,0 days 00:00:01.398210,64,0.06717729380948154,6,0.0006779904645606199,128,COMPLETE
14,0.23865941762924195,2025-09-04 18:49:41.591086,2025-09-04 18:49:43.147401,0 days 00:00:01.556315,96,0.10799518125934626,8,0.004346395644500642,112,COMPLETE
15,0.22072131633758546,2025-09-04 18:49:43.147480,2025-09-04 18:49:45.228354,0 days 00:00:02.080874,32,0.02996743815762012,5,0.00019718529758337602,96,COMPLETE
16,0.1973056048154831,2025-09-04 18:49:45.228436,2025-09-04 18:49:46.735327,0 days 00:00:01.506891,96,0.20165710198972678,7,0.0009389632662781223,128,COMPLETE
17,0.22668046355247498,2025-09-04 18:49:46.735410,2025-09-04 18:49:48.181888,0 days 00:00:01.446478,96,0.2186709323282609,7,0.0019687608892666234,112,COMPLETE
18,0.24274306744337082,2025-09-04 18:49:48.181972,2025-09-04 18:49:49.244759,0 days 00:00:01.062787,112,0.22554156140153708,4,0.007672217714520473,96,COMPLETE
19,0.3341505527496338,2025-09-04 18:49:49.244843,2025-09-04 18:49:50.656384,0 days 00:00:01.411541,48,0.2301605514476279,8,0.00013438148514316654,80,COMPLETE
20,0.1929752081632614,2025-09-04 18:49:50.656466,2025-09-04 18:49:52.104724,0 days 00:00:01.448258,64,0.177913636406784,7,0.00046520443679690977,112,COMPLETE
21,0.2240761011838913,2025-09-04 18:49:52.104820,2025-09-04 18:49:53.649891,0 days 00:00:01.545071,64,0.19878505601991409,7,0.0004742592335425923,128,COMPLETE
22,0.2306887000799179,2025-09-04 18:49:53.649980,2025-09-04 18:49:55.096012,0 days 00:00:01.446032,80,0.18833238447854986,7,0.0013853281918083627,112,COMPLETE
23,0.2499497801065445,2025-09-04 18:49:55.096102,2025-09-04 18:49:56.717138,0 days 00:00:01.621036,96,0.25550531229444484,8,0.0003314985831679164,128,COMPLETE
24,0.24473485946655274,2025-09-04 18:49:56.717224,2025-09-04 18:49:57.944961,0 days 00:00:01.227737,64,0.18003386459381698,5,0.00012048171244020793,112,COMPLETE
25,0.20465320348739624,2025-09-04 18:49:57.945046,2025-09-04 18:50:00.359107,0 days 00:00:02.414061,32,0.1180747434138279,7,0.0011728623936991278,96,COMPLETE
26,0.19367391765117645,2025-09-04 18:50:00.359196,2025-09-04 18:50:01.752364,0 days 00:00:01.393168,80,0.11561841486919985,6,0.00032254476705960384,128,COMPLETE
27,0.20689666271209717,2025-09-04 18:50:01.752465,2025-09-04 18:50:03.098868,0 days 00:00:01.346403,48,0.10044026105567148,6,0.0002894862892978128,112,COMPLETE
28,0.2208370327949524,2025-09-04 18:50:03.098970,2025-09-04 18:50:04.227162,0 days 00:00:01.128192,80,0.03149286243748922,5,0.0001955792633345408,80,COMPLETE
29,0.3104927122592926,2025-09-04 18:50:04.227241,2025-09-04 18:50:05.862319,0 days 00:00:01.635078,64,0.16953624807326206,8,8.386905897040025e-05,112,COMPLETE
30,0.17963603138923645,2025-09-04 18:50:05.862405,2025-09-04 18:50:07.312287,0 days 00:00:01.449882,32,0.1321084974563242,1,0.0005339298295623174,128,COMPLETE
31,0.18374453783035277,2025-09-04 18:50:07.312374,2025-09-04 18:50:09.425905,0 days 00:00:02.113531,16,0.1279764258121651,1,0.000489008518089145,128,COMPLETE
32,0.1684936225414276,2025-09-04 18:50:09.425991,2025-09-04 18:50:11.536721,0 days 00:00:02.110730,16,0.1373155528513845,1,0.0006039615046683241,128,COMPLETE
33,0.18306882679462433,2025-09-04 18:50:11.536807,2025-09-04 18:50:13.710239,0 days 00:00:02.173432,16,0.13836854855366798,1,0.00020192005731562075,128,COMPLETE
34,0.18305262327194213,2025-09-04 18:50:13.710340,2025-09-04 18:50:15.823636,0 days 00:00:02.113296,16,0.13943923435718067,1,0.0004728627907042521,128,COMPLETE
35,0.210465469956398,2025-09-04 18:50:15.823719,2025-09-04 18:50:17.878137,0 days 00:00:02.054418,16,0.14175372715758522,1,2.845005826788561e-05,96,COMPLETE
36,0.21545056998729706,2025-09-04 18:50:17.878229,2025-09-04 18:50:19.428984,0 days 00:00:01.550755,32,0.15966574123934563,2,0.0018088828080861064,64,COMPLETE
37,0.1818522870540619,2025-09-04 18:50:19.429075,2025-09-04 18:50:21.811442,0 days 00:00:02.382367,16,0.09204150492687943,2,0.00019882690705527064,112,COMPLETE
38,0.18835076093673705,2025-09-04 18:50:21.811536,2025-09-04 18:50:23.439342,0 days 00:00:01.627806,32,0.09185051237516897,2,0.0006792166476973051,112,COMPLETE
39,0.19569546580314637,2025-09-04 18:50:23.439427,2025-09-04 18:50:25.829641,0 days 00:00:02.390214,16,0.05351681825984607,2,6.7032651018636e-05,112,COMPLETE
40,0.23239973485469817,2025-09-04 18:50:25.829734,2025-09-04 18:50:27.713105,0 days 00:00:01.883371,32,0.12581805382785036,3,0.003056930393379308,96,COMPLETE
41,0.1901744246482849,2025-09-04 18:50:27.713226,2025-09-04 18:50:29.892876,0 days 00:00:02.179650,16,0.1400836853786621,1,0.00017639080032013456,128,COMPLETE
42,0.19406698644161224,2025-09-04 18:50:29.892978,2025-09-04 18:50:31.997203,0 days 00:00:02.104225,16,0.1621921014431822,1,0.00042171391582718784,128,COMPLETE
43,0.18952487111091615,2025-09-04 18:50:31.997292,2025-09-04 18:50:34.389844,0 days 00:00:02.392552,16,0.08485472456915971,2,0.00021978662178449756,128,COMPLETE
44,0.34150806069374084,2025-09-04 18:50:34.389933,2025-09-04 18:50:35.772969,0 days 00:00:01.383036,32,0.1321534927709021,3,0.0005351188618681428,16,COMPLETE
45,0.17628203630447387,2025-09-04 18:50:35.773061,2025-09-04 18:50:37.921517,0 days 00:00:02.148456,16,0.09795497673933926,1,4.660855389927128e-05,128,COMPLETE
46,0.24953241348266603,2025-09-04 18:50:37.921601,2025-09-04 18:50:39.909708,0 days 00:00:01.988107,16,0.10010030213953497,1,4.330710095069684e-05,48,COMPLETE
47,0.2752795606851578,2025-09-04 18:50:39.909794,2025-09-04 18:50:41.591694,0 days 00:00:01.681900,32,0.00017667545541491525,2,1.844793034356093e-05,112,COMPLETE
48,0.2124309539794922,2025-09-04 18:50:41.591796,2025-09-04 18:50:44.287017,0 days 00:00:02.695221,16,0.051450625166538554,3,2.526270697377899e-05,128,COMPLETE
49,0.18312569856643676,2025-09-04 18:50:44.287107,2025-09-04 18:50:45.772019,0 days 00:00:01.484912,32,0.10608332413516589,1,0.0009976159660999952,128,COMPLETE
50,0.5845376372337341,2025-09-04 18:50:45.772103,2025-09-04 18:50:46.548661,0 days 00:00:00.776558,48,0.15135144043206303,1,1.3781795650915876e-05,112,COMPLETE
51,0.1943510115146637,2025-09-04 18:50:46.548752,2025-09-04 18:50:48.653277,0 days 00:00:02.104525,16,0.11907408382693135,1,9.09297410217899e-05,128,COMPLETE
52,0.18868931531906127,2025-09-04 18:50:48.653364,2025-09-04 18:50:51.064470,0 days 00:00:02.411106,16,0.08745542188289988,2,0.0001532281935674202,128,COMPLETE
53,0.17965807616710663,2025-09-04 18:50:51.064564,2025-09-04 18:50:52.535184,0 days 00:00:01.470620,32,0.13478172525016274,1,0.00025745308435471325,128,COMPLETE
54,0.19060314297676087,2025-09-04 18:50:52.535268,2025-09-04 18:50:54.210405,0 days 00:00:01.675137,32,0.15095046525108058,2,0.0006389023669795814,128,COMPLETE
55,0.1902761846780777,2025-09-04 18:50:54.210498,2025-09-04 18:50:55.149075,0 days 00:00:00.938577,48,0.11061650845152171,1,0.0002755320672366065,112,COMPLETE
56,0.18617265522480012,2025-09-04 18:50:55.149181,2025-09-04 18:50:56.637303,0 days 00:00:01.488122,32,0.07782309277704194,1,5.7306363019762196e-05,128,COMPLETE
57,0.20795924663543702,2025-09-04 18:50:56.637384,2025-09-04 18:50:59.009468,0 days 00:00:02.372084,16,0.09651682213879856,2,0.00039891033688543674,112,COMPLETE
58,0.21380378901958466,2025-09-04 18:50:59.009551,2025-09-04 18:51:00.465977,0 days 00:00:01.456426,32,0.056602754774056886,1,0.0008418089570881964,128,COMPLETE
59,0.21357484459877013,2025-09-04 18:51:00.466056,2025-09-04 18:51:03.023661,0 days 00:00:02.557605,16,0.1268577154869617,2,4.0251877255815595e-05,128,COMPLETE
60,0.18183663487434387,2025-09-04 18:51:03.023743,2025-09-04 18:51:03.795126,0 days 00:00:00.771383,128,0.07926773559096906,1,0.0002466039822547224,112,COMPLETE
61,0.1816411942243576,2025-09-04 18:51:03.795219,2025-09-04 18:51:04.581214,0 days 00:00:00.785995,128,0.07304678518760199,1,0.00025782786776078545,112,COMPLETE
62,0.19745025038719177,2025-09-04 18:51:04.581327,2025-09-04 18:51:05.341035,0 days 00:00:00.759708,112,0.0395615980310054,1,0.0002372638305499945,96,COMPLETE
63,0.18484480082988738,2025-09-04 18:51:05.341116,2025-09-04 18:51:06.126498,0 days 00:00:00.785382,128,0.06564236658684204,1,0.0003507435525465582,112,COMPLETE
64,0.19549863934516906,2025-09-04 18:51:06.126580,2025-09-04 18:51:07.007918,0 days 00:00:00.881338,128,0.07520469713851816,2,9.972930166038285e-05,96,COMPLETE
65,0.21443482041358947,2025-09-04 18:51:07.008012,2025-09-04 18:51:08.124756,0 days 00:00:01.116744,128,0.08403442515739262,4,0.00015229991351351185,112,COMPLETE
66,0.2064569801092148,2025-09-04 18:51:08.124833,2025-09-04 18:51:08.942427,0 days 00:00:00.817594,128,0.10557354039338565,1,0.00026576166091562517,112,COMPLETE
67,0.1764799326658249,2025-09-04 18:51:08.942514,2025-09-04 18:51:09.811148,0 days 00:00:00.868634,112,0.06486131725837999,2,0.0005754533983814212,80,COMPLETE
68,0.17917723953723907,2025-09-04 18:51:09.811238,2025-09-04 18:51:10.758341,0 days 00:00:00.947103,112,0.043306655416443955,3,0.0006568027977992707,80,COMPLETE
69,0.7765139579772949,2025-09-04 18:51:10.758422,2025-09-04 18:51:11.700233,0 days 00:00:00.941811,112,0.04679407138271686,3,1.0262489681825458e-05,80,COMPLETE
70,0.21114856004714966,2025-09-04 18:51:11.700327,2025-09-04 18:51:12.621169,0 days 00:00:00.920842,112,0.019368619667389758,3,0.0015189458192526404,64,COMPLETE
71,0.20349786281585694,2025-09-04 18:51:12.621262,2025-09-04 18:51:13.365647,0 days 00:00:00.744385,112,0.04282985722031138,1,0.0005893685422948809,80,COMPLETE
72,0.1894315391778946,2025-09-04 18:51:13.365735,2025-09-04 18:51:14.508962,0 days 00:00:01.143227,128,0.014227673314002903,4,0.0007834211472973117,64,COMPLETE
73,0.19850218296051025,2025-09-04 18:51:14.509097,2025-09-04 18:51:15.400463,0 days 00:00:00.891366,96,0.05823086816685994,2,0.0012144090225058672,80,COMPLETE
74,0.21226953864097595,2025-09-04 18:51:15.400558,2025-09-04 18:51:16.114447,0 days 00:00:00.713889,112,0.06197736766565791,1,0.0009739851012601531,48,COMPLETE
75,0.18914245665073395,2025-09-04 18:51:16.114534,2025-09-04 18:51:16.856284,0 days 00:00:00.741750,128,0.0716946216710741,1,0.00037570272321611205,80,COMPLETE
76,0.19426102042198182,2025-09-04 18:51:16.856374,2025-09-04 18:51:17.623415,0 days 00:00:00.767041,128,0.0335413821347041,1,0.0006153369326537286,96,COMPLETE
77,0.1936115652322769,2025-09-04 18:51:17.623511,2025-09-04 18:51:18.444061,0 days 00:00:00.820550,96,0.08023296847997835,2,0.0005207235677311747,64,COMPLETE
78,0.1659184843301773,2025-09-04 18:51:18.444152,2025-09-04 18:51:19.198169,0 days 00:00:00.754017,112,0.11716581270605789,1,0.00031586936859112884,96,COMPLETE
79,0.18144382238388063,2025-09-04 18:51:19.198294,2025-09-04 18:51:20.045707,0 days 00:00:00.847413,112,0.11498945413065738,2,0.000324043773411376,80,COMPLETE
80,0.21706072688102723,2025-09-04 18:51:20.045792,2025-09-04 18:51:21.024539,0 days 00:00:00.978747,112,0.11807503510807162,3,0.000759227308370175,80,COMPLETE
81,0.20108281970024108,2025-09-04 18:51:21.024636,2025-09-04 18:51:21.865869,0 days 00:00:00.841233,112,0.13318085803101534,2,0.0004289256838893713,80,COMPLETE
82,0.16753624081611634,2025-09-04 18:51:21.865957,2025-09-04 18:51:22.622935,0 days 00:00:00.756978,96,0.12298095461552398,1,0.0003074271474755689,96,COMPLETE
83,0.18050683736801149,2025-09-04 18:51:22.623023,2025-09-04 18:51:23.365646,0 days 00:00:00.742623,96,0.16582449378145642,1,0.0005292030343385235,80,COMPLETE
84,0.19004424661397934,2025-09-04 18:51:23.365739,2025-09-04 18:51:24.124096,0 days 00:00:00.758357,96,0.17061650559249494,1,0.0011132988382868104,96,COMPLETE
85,0.17995277643203736,2025-09-04 18:51:24.124176,2025-09-04 18:51:24.942999,0 days 00:00:00.818823,96,0.14731780367998026,1,0.0005418830923370236,64,COMPLETE
86,0.2019906908273697,2025-09-04 18:51:24.943102,2025-09-04 18:51:25.674553,0 days 00:00:00.731451,80,0.14359350251095168,1,0.002536387785952161,64,COMPLETE
87,0.2264026552438736,2025-09-04 18:51:25.674639,2025-09-04 18:51:26.292187,0 days 00:00:00.617548,96,0.15616759254169596,1,0.006821146444029239,32,COMPLETE
88,0.20814489126205443,2025-09-04 18:51:26.292271,2025-09-04 18:51:27.096629,0 days 00:00:00.804358,112,0.1331283872804311,2,0.0008845864143082564,48,COMPLETE
89,0.1871830403804779,2025-09-04 18:51:27.096712,2025-09-04 18:51:27.827968,0 days 00:00:00.731256,80,0.14641413994741187,1,0.0006943327639649101,64,COMPLETE
90,0.1940075010061264,2025-09-04 18:51:27.828058,2025-09-04 18:51:28.556832,0 days 00:00:00.728774,96,0.12390213866853211,1,0.00042698079750464325,64,COMPLETE
91,0.1880156874656677,2025-09-04 18:51:28.556924,2025-09-04 18:51:29.306282,0 days 00:00:00.749358,96,0.1929704166939789,1,0.0005609365786533501,80,COMPLETE
92,0.1899489015340805,2025-09-04 18:51:29.306372,2025-09-04 18:51:30.055561,0 days 00:00:00.749189,96,0.18046717873907503,1,0.00031350481270037514,80,COMPLETE
93,0.19254252016544343,2025-09-04 18:51:30.055653,2025-09-04 18:51:30.816734,0 days 00:00:00.761081,96,0.16352617699520083,1,0.0004989426386404152,96,COMPLETE
94,0.18334378600120543,2025-09-04 18:51:30.816828,2025-09-04 18:51:31.543849,0 days 00:00:00.727021,112,0.1501413033222992,1,0.0003662712561041857,64,COMPLETE
95,0.17515682578086852,2025-09-04 18:51:31.543941,2025-09-04 18:51:32.384874,0 days 00:00:00.840933,48,0.13666606442644705,2,0.0005967260128570277,80,COMPLETE
96,0.1975369542837143,2025-09-04 18:51:32.384970,2025-09-04 18:51:33.258366,0 days 00:00:00.873396,48,0.13383221413199237,2,0.0006799036716489821,96,COMPLETE
97,0.1954012006521225,2025-09-04 18:51:33.258448,2025-09-04 18:51:34.108255,0 days 00:00:00.849807,64,0.12244692543012352,2,0.0010843754762905207,80,COMPLETE
98,0.20326407253742218,2025-09-04 18:51:34.108334,2025-09-04 18:51:35.179228,0 days 00:00:01.070894,48,0.11211772981345836,3,0.001360357145636583,128,COMPLETE
99,0.19283844530582428,2025-09-04 18:51:35.179319,2025-09-04 18:51:36.827485,0 days 00:00:01.648166,32,0.1032788667824078,2,0.0004631293189753278,96,COMPLETE
