number,value,datetime_start,datetime_complete,duration,params_batch_size,params_drop_out,params_layber_number,params_lr,params_unit,state
0,0.26092813313007357,2025-09-12 11:29:11.316210,2025-09-12 11:29:12.483833,0 days 00:00:01.167623,128,0.08211546971541697,2,0.001683271783960369,16,COMPLETE
1,0.21298302114009857,2025-09-12 11:29:12.483924,2025-09-12 11:29:15.358820,0 days 00:00:02.874896,16,0.16146182136773748,4,0.00045409228203768825,96,COMPLETE
2,0.1978960543870926,2025-09-12 11:29:15.359016,2025-09-12 11:29:18.239920,0 days 00:00:02.880904,16,0.29497719363653174,4,0.00014499540304358316,112,COMPLETE
3,0.20378168523311616,2025-09-12 11:29:18.240009,2025-09-12 11:29:21.614791,0 days 00:00:03.374782,16,0.08899461661740692,6,9.413301570514899e-05,128,COMPLETE
4,0.23336012065410613,2025-09-12 11:29:21.614883,2025-09-12 11:29:22.619035,0 days 00:00:01.004152,48,0.053380115977470874,3,0.003322327610860839,112,COMPLETE
5,0.7789288759231567,2025-09-12 11:29:22.619118,2025-09-12 11:29:24.032973,0 days 00:00:01.413855,48,0.15457891165982834,8,2.3471720742844783e-05,80,COMPLETE
6,0.2590099096298218,2025-09-12 11:29:24.033052,2025-09-12 11:29:25.461237,0 days 00:00:01.428185,128,0.24999792470311935,7,0.00031876262047981444,112,COMPLETE
7,0.2008465200662613,2025-09-12 11:29:25.461325,2025-09-12 11:29:26.173852,0 days 00:00:00.712527,48,0.29410858198799034,1,0.0018326701236291152,48,COMPLETE
8,0.207809379696846,2025-09-12 11:29:26.173947,2025-09-12 11:29:27.564195,0 days 00:00:01.390248,32,0.1356419867673257,1,0.0001730463474062937,80,COMPLETE
9,0.22703906893730164,2025-09-12 11:29:27.564276,2025-09-12 11:29:28.917158,0 days 00:00:01.352882,96,0.14424132420690153,7,0.0006817433829033539,96,COMPLETE
10,0.7933770298957825,2025-09-12 11:29:28.917238,2025-09-12 11:29:29.952330,0 days 00:00:01.035092,80,0.2247910527684263,5,1.794238442440307e-05,48,COMPLETE
11,0.1979486882686615,2025-09-12 11:29:29.952407,2025-09-12 11:29:30.670604,0 days 00:00:00.718197,48,0.2935320935453902,1,0.0058997906298550885,48,COMPLETE
12,0.24278028607368468,2025-09-12 11:29:30.670689,2025-09-12 11:29:31.542266,0 days 00:00:00.871577,64,0.29264416642514773,3,0.00783910303738817,48,COMPLETE
13,0.7140016496181488,2025-09-12 11:29:31.542345,2025-09-12 11:29:33.780659,0 days 00:00:02.238314,16,0.22391977193170323,4,5.547368762225214e-05,16,COMPLETE
14,0.225788015127182,2025-09-12 11:29:33.780744,2025-09-12 11:29:35.282901,0 days 00:00:01.502157,32,0.00634958055587681,2,0.00695065827392218,64,COMPLETE
15,0.251851949095726,2025-09-12 11:29:35.282989,2025-09-12 11:29:36.045191,0 days 00:00:00.762202,80,0.2601334913761495,3,0.0009305204668857964,32,COMPLETE
16,0.19938413202762603,2025-09-12 11:29:36.045277,2025-09-12 11:29:38.234303,0 days 00:00:02.189026,32,0.19876778493006497,5,0.00013327979402056423,128,COMPLETE
17,0.3187133014202118,2025-09-12 11:29:38.234386,2025-09-12 11:29:39.051293,0 days 00:00:00.816907,64,0.26784111265605737,2,4.498669775012349e-05,64,COMPLETE
18,0.2179812103509903,2025-09-12 11:29:39.051382,2025-09-12 11:29:40.318941,0 days 00:00:01.267559,96,0.19976917462207905,6,0.0002559341622593862,96,COMPLETE
19,0.24458661377429963,2025-09-12 11:29:40.319022,2025-09-12 11:29:41.468143,0 days 00:00:01.149121,32,0.29935570606799944,1,0.003495109707972203,32,COMPLETE
20,0.7813366651535034,2025-09-12 11:29:41.468227,2025-09-12 11:29:42.579802,0 days 00:00:01.111575,48,0.22982965503526773,4,1.1532528796303876e-05,112,COMPLETE
21,0.17584593296051027,2025-09-12 11:29:42.579890,2025-09-12 11:29:44.789300,0 days 00:00:02.209410,32,0.17250631920267395,5,0.0001554058246650707,128,COMPLETE
22,0.21325365602970123,2025-09-12 11:29:44.789391,2025-09-12 11:29:48.197977,0 days 00:00:03.408586,16,0.27177813872084566,6,8.59139163920998e-05,128,COMPLETE
23,0.21192950308322905,2025-09-12 11:29:48.198062,2025-09-12 11:29:50.314956,0 days 00:00:02.116894,32,0.18379922287962944,5,0.00021862884232987036,112,COMPLETE
24,0.2570531278848648,2025-09-12 11:29:50.315040,2025-09-12 11:29:51.347501,0 days 00:00:01.032461,64,0.12266896370581815,3,4.329987121798346e-05,128,COMPLETE
25,0.23359090387821196,2025-09-12 11:29:51.347580,2025-09-12 11:29:54.694458,0 days 00:00:03.346878,16,0.24450752547546123,7,0.00046619008164260073,80,COMPLETE
26,0.24009392261505128,2025-09-12 11:29:54.694553,2025-09-12 11:29:55.679950,0 days 00:00:00.985397,48,0.27636695139513096,4,0.0010090451851905349,64,COMPLETE
27,0.35381331443786623,2025-09-12 11:29:55.680038,2025-09-12 11:29:57.369934,0 days 00:00:01.689896,32,0.003628724985086984,5,6.422832238455226e-05,32,COMPLETE
28,0.22389257252216338,2025-09-12 11:29:57.370025,2025-09-12 11:30:01.060912,0 days 00:00:03.690887,16,0.10811093597872576,8,0.00013760289364639467,96,COMPLETE
29,0.2219767987728119,2025-09-12 11:30:01.060996,2025-09-12 11:30:02.332358,0 days 00:00:01.271362,32,0.05090516374545061,2,0.0024925614888716766,16,COMPLETE
30,0.48171433210372927,2025-09-12 11:30:02.332439,2025-09-12 11:30:03.645992,0 days 00:00:01.313553,128,0.17401301658300025,6,2.713324127203373e-05,112,COMPLETE
31,0.1810625523328781,2025-09-12 11:30:03.646074,2025-09-12 11:30:05.816365,0 days 00:00:02.170291,32,0.1922253493725651,5,0.00013903630780274668,128,COMPLETE
32,0.20370677709579468,2025-09-12 11:30:05.816449,2025-09-12 11:30:07.066800,0 days 00:00:01.250351,48,0.20274221582324342,5,0.00033382205832413936,128,COMPLETE
33,0.1922845095396042,2025-09-12 11:30:07.066882,2025-09-12 11:30:09.984203,0 days 00:00:02.917321,16,0.16940891372894196,4,0.00010872289958543,128,COMPLETE
34,0.20390391051769258,2025-09-12 11:30:09.984280,2025-09-12 11:30:12.891602,0 days 00:00:02.907322,16,0.17568181834234942,4,9.884613339717991e-05,128,COMPLETE
35,0.18390849828720093,2025-09-12 11:30:12.891689,2025-09-12 11:30:15.844667,0 days 00:00:02.952978,16,0.1009786478596246,4,0.00016950474965326965,128,COMPLETE
36,0.21631875932216643,2025-09-12 11:30:15.844749,2025-09-12 11:30:18.833121,0 days 00:00:02.988372,16,0.08583931530629856,4,0.0005293286080459079,128,COMPLETE
37,0.2000199794769287,2025-09-12 11:30:18.833201,2025-09-12 11:30:22.473982,0 days 00:00:03.640781,16,0.1092716070977418,6,0.00010116186519461443,112,COMPLETE
38,0.18831137716770172,2025-09-12 11:30:22.474067,2025-09-12 11:30:24.281640,0 days 00:00:01.807573,32,0.16201256826907637,3,0.0001916810263011796,112,COMPLETE
39,0.19727669954299926,2025-09-12 11:30:24.281742,2025-09-12 11:30:26.123988,0 days 00:00:01.842246,32,0.1552158908435251,3,0.00020359666998525486,112,COMPLETE
40,0.17652368545532227,2025-09-12 11:30:26.124081,2025-09-12 11:30:27.141147,0 days 00:00:01.017066,112,0.12604700261751844,3,0.0003716039688115914,112,COMPLETE
41,0.17944664657115936,2025-09-12 11:30:27.141234,2025-09-12 11:30:28.153303,0 days 00:00:01.012069,112,0.12856856456133384,3,0.00033638097147671526,112,COMPLETE
42,0.1975547969341278,2025-09-12 11:30:28.153386,2025-09-12 11:30:29.423098,0 days 00:00:01.269712,112,0.1035773228341523,5,0.00032533004629202504,128,COMPLETE
43,0.21199084222316741,2025-09-12 11:30:29.423196,2025-09-12 11:30:30.464762,0 days 00:00:01.041566,112,0.058551291725330676,3,0.0010944288396987462,96,COMPLETE
44,0.18913503587245942,2025-09-12 11:30:30.464842,2025-09-12 11:30:31.580723,0 days 00:00:01.115881,112,0.13450693584452672,4,0.0005911718244366118,112,COMPLETE
45,0.18463778495788574,2025-09-12 11:30:31.580809,2025-09-12 11:30:32.475793,0 days 00:00:00.894984,96,0.06633957760812725,2,0.00037120915968810383,96,COMPLETE
46,0.19393331110477446,2025-09-12 11:30:32.475879,2025-09-12 11:30:33.515790,0 days 00:00:01.039911,128,0.12304197820313767,3,0.0007367623912579365,128,COMPLETE
47,0.23363495767116546,2025-09-12 11:30:33.515883,2025-09-12 11:30:34.743938,0 days 00:00:01.228055,96,0.13916981434798514,5,0.00015277815981558487,112,COMPLETE
48,0.20927611887454986,2025-09-12 11:30:34.744025,2025-09-12 11:30:35.895936,0 days 00:00:01.151911,112,0.07292036089454731,4,0.00023681393066822388,128,COMPLETE
49,0.25152575969696045,2025-09-12 11:30:35.896033,2025-09-12 11:30:36.865991,0 days 00:00:00.969958,80,0.09585300640484445,3,6.525076442663351e-05,96,COMPLETE
50,0.19065097123384475,2025-09-12 11:30:36.866083,2025-09-12 11:30:37.709732,0 days 00:00:00.843649,96,0.03353423620247323,2,0.0015548662478092124,80,COMPLETE
51,0.172605699300766,2025-09-12 11:30:37.709822,2025-09-12 11:30:38.599879,0 days 00:00:00.890057,112,0.07636923398995055,2,0.0003858545803112487,112,COMPLETE
52,0.177078914642334,2025-09-12 11:30:38.599970,2025-09-12 11:30:39.390609,0 days 00:00:00.790639,112,0.12305734427786327,1,0.00039057529036795244,112,COMPLETE
53,0.19249325394630432,2025-09-12 11:30:39.390697,2025-09-12 11:30:40.182587,0 days 00:00:00.791890,112,0.12808986178661577,1,0.00040757498344976705,112,COMPLETE
54,0.1844276964664459,2025-09-12 11:30:40.182667,2025-09-12 11:30:40.955407,0 days 00:00:00.772740,128,0.14797598713755333,1,0.00027006900087068276,112,COMPLETE
55,0.19232551455497743,2025-09-12 11:30:40.955492,2025-09-12 11:30:41.825499,0 days 00:00:00.870007,112,0.1930950962943127,2,0.0007444177586664963,96,COMPLETE
56,0.17183665037155152,2025-09-12 11:30:41.825592,2025-09-12 11:30:42.601860,0 days 00:00:00.776268,128,0.21196482112325618,1,0.00044662477870784773,112,COMPLETE
57,0.20557070076465606,2025-09-12 11:30:42.601947,2025-09-12 11:30:43.378601,0 days 00:00:00.776654,128,0.11409461276579477,1,0.001424481205702057,112,COMPLETE
58,0.1871371775865555,2025-09-12 11:30:43.378686,2025-09-12 11:30:44.145423,0 days 00:00:00.766737,128,0.2180091090840496,1,0.0005422447369421198,96,COMPLETE
59,0.19122239649295808,2025-09-12 11:30:44.145516,2025-09-12 11:30:45.015058,0 days 00:00:00.869542,112,0.03838165041836672,2,0.00027378983103932327,96,COMPLETE
60,0.18167116343975068,2025-09-12 11:30:45.015131,2025-09-12 11:30:45.762949,0 days 00:00:00.747818,96,0.07929147369003238,1,0.0004512085958927732,80,COMPLETE
61,0.19873514175415039,2025-09-12 11:30:45.763039,2025-09-12 11:30:46.654991,0 days 00:00:00.891952,112,0.205987797215986,2,0.00037080835694624104,112,COMPLETE
62,0.2017001211643219,2025-09-12 11:30:46.655080,2025-09-12 11:30:47.575372,0 days 00:00:00.920292,128,0.18573190987868068,2,0.00027971281270635463,128,COMPLETE
63,0.1986580789089203,2025-09-12 11:30:47.575460,2025-09-12 11:30:48.361093,0 days 00:00:00.785633,112,0.21090212951287068,1,0.000865786037257111,112,COMPLETE
64,0.18525374233722686,2025-09-12 11:30:48.361186,2025-09-12 11:30:49.685367,0 days 00:00:01.324181,80,0.16242010550113534,6,0.00014110327148648768,112,COMPLETE
65,0.1771312266588211,2025-09-12 11:30:49.685457,2025-09-12 11:30:50.478514,0 days 00:00:00.793057,128,0.24142412541251707,1,0.0006166874728865002,128,COMPLETE
66,0.20274887084960938,2025-09-12 11:30:50.478596,2025-09-12 11:30:51.247075,0 days 00:00:00.768479,128,0.24392096918772202,1,0.001184689851407081,112,COMPLETE
67,0.17116689831018447,2025-09-12 11:30:51.247165,2025-09-12 11:30:52.032487,0 days 00:00:00.785322,128,0.23847823283765546,1,0.0006288016570896213,128,COMPLETE
68,0.1870516151189804,2025-09-12 11:30:52.032574,2025-09-12 11:30:52.820192,0 days 00:00:00.787618,128,0.23423478411588539,1,0.0006788365435739527,128,COMPLETE
69,0.1832383692264557,2025-09-12 11:30:52.820281,2025-09-12 11:30:53.732998,0 days 00:00:00.912717,128,0.2574114135428103,2,0.002137434800632612,128,COMPLETE
70,0.1833377003669739,2025-09-12 11:30:53.733079,2025-09-12 11:30:54.521950,0 days 00:00:00.788871,128,0.23715397185349946,1,0.0004889702505974287,128,COMPLETE
71,0.1759127825498581,2025-09-12 11:30:54.522042,2025-09-12 11:30:55.413623,0 days 00:00:00.891581,112,0.21949078847031983,2,0.0005980450340180073,112,COMPLETE
72,0.17484692633152008,2025-09-12 11:30:55.413713,2025-09-12 11:30:56.328922,0 days 00:00:00.915209,96,0.21395775725349783,2,0.0005919018489849979,128,COMPLETE
73,0.19026474952697753,2025-09-12 11:30:56.329010,2025-09-12 11:30:57.219729,0 days 00:00:00.890719,96,0.22463118154538242,2,0.0008536656416142114,112,COMPLETE
74,0.19889694154262544,2025-09-12 11:30:57.219821,2025-09-12 11:30:58.136696,0 days 00:00:00.916875,112,0.21629521585485972,2,0.00042287510918857807,128,COMPLETE
75,0.1897146224975586,2025-09-12 11:30:58.136774,2025-09-12 11:30:59.035330,0 days 00:00:00.898556,96,0.2540803181672368,2,0.0005429912345727895,112,COMPLETE
76,0.18614157140254975,2025-09-12 11:30:59.035413,2025-09-12 11:30:59.823341,0 days 00:00:00.787928,112,0.2821994173824749,1,0.0007818897726805592,128,COMPLETE
77,0.19774666726589202,2025-09-12 11:30:59.823427,2025-09-12 11:31:00.701143,0 days 00:00:00.877716,112,0.18569058660196305,2,0.0013524556527266599,96,COMPLETE
78,0.17222883701324462,2025-09-12 11:31:00.701235,2025-09-12 11:31:01.609927,0 days 00:00:00.908692,96,0.2632444324941972,2,0.00021054266970059793,128,COMPLETE
79,0.1758813053369522,2025-09-12 11:31:01.610017,2025-09-12 11:31:02.517335,0 days 00:00:00.907318,64,0.26665154358267334,2,0.00021804702203385466,128,COMPLETE
80,0.16272424459457396,2025-09-12 11:31:02.517424,2025-09-12 11:31:03.430943,0 days 00:00:00.913519,64,0.2625489530950779,2,0.00017236953768816416,128,COMPLETE
81,0.17650626599788666,2025-09-12 11:31:03.431035,2025-09-12 11:31:04.365074,0 days 00:00:00.934039,64,0.26974587674554323,2,0.00016541777375010138,128,COMPLETE
82,0.216469007730484,2025-09-12 11:31:04.365168,2025-09-12 11:31:05.278500,0 days 00:00:00.913332,80,0.28546790994167076,2,0.00011633063130620713,128,COMPLETE
83,0.25170143842697146,2025-09-12 11:31:05.278588,2025-09-12 11:31:06.187221,0 days 00:00:00.908633,64,0.26401137460879,2,7.80927602746455e-05,128,COMPLETE
84,0.20387038886547088,2025-09-12 11:31:06.187307,2025-09-12 11:31:07.213458,0 days 00:00:01.026151,48,0.2473443611503128,3,0.00018460435614038457,128,COMPLETE
85,0.18985180854797362,2025-09-12 11:31:07.213537,2025-09-12 11:31:08.133151,0 days 00:00:00.919614,64,0.22769716126792375,2,0.00022569033647773547,128,COMPLETE
86,0.1938927710056305,2025-09-12 11:31:08.133236,2025-09-12 11:31:09.050580,0 days 00:00:00.917344,80,0.25238970555897644,2,0.0002037026605286397,128,COMPLETE
87,0.193946236371994,2025-09-12 11:31:09.050653,2025-09-12 11:31:10.089166,0 days 00:00:01.038513,64,0.2769957044774965,3,0.000290495719285454,128,COMPLETE
88,0.18283807635307311,2025-09-12 11:31:10.089259,2025-09-12 11:31:11.002349,0 days 00:00:00.913090,80,0.26122562679728756,2,0.00024522027904769504,128,COMPLETE
89,0.1878036826848984,2025-09-12 11:31:11.002442,2025-09-12 11:31:11.789463,0 days 00:00:00.787021,96,0.21819079490749443,1,0.00011744116761211924,128,COMPLETE
90,0.18037051260471343,2025-09-12 11:31:11.789547,2025-09-12 11:31:12.707190,0 days 00:00:00.917643,48,0.2329037734305238,2,0.0006311294610178411,128,COMPLETE
91,0.1777264416217804,2025-09-12 11:31:12.707286,2025-09-12 11:31:13.628298,0 days 00:00:00.921012,64,0.26896587719867887,2,0.00016457019338912736,128,COMPLETE
92,0.17752123773097991,2025-09-12 11:31:13.628383,2025-09-12 11:31:14.558361,0 days 00:00:00.929978,64,0.29129123400246404,2,0.00021695278418171614,128,COMPLETE
93,0.1974226117134094,2025-09-12 11:31:14.558442,2025-09-12 11:31:15.598947,0 days 00:00:01.040505,64,0.2694258184884583,3,0.0003226124381888991,128,COMPLETE
94,0.22804944813251496,2025-09-12 11:31:15.599032,2025-09-12 11:31:16.335182,0 days 00:00:00.736150,80,0.23910018571860564,1,7.911020835943556e-05,64,COMPLETE
95,0.1803150624036789,2025-09-12 11:31:16.335266,2025-09-12 11:31:17.249652,0 days 00:00:00.914386,64,0.2099598360382169,2,0.0001660062547976606,128,COMPLETE
96,0.19271220266819,2025-09-12 11:31:17.249735,2025-09-12 11:31:18.146061,0 days 00:00:00.896326,48,0.1954741558915481,2,0.0004774283103647965,112,COMPLETE
97,0.19763978719711303,2025-09-12 11:31:18.146152,2025-09-12 11:31:18.937819,0 days 00:00:00.791667,96,0.24904850301791653,1,0.00012482694131791636,128,COMPLETE
98,0.2676881343126297,2025-09-12 11:31:18.937910,2025-09-12 11:31:19.935199,0 days 00:00:00.997289,64,0.274849377927226,3,8.91689940310175e-05,112,COMPLETE
99,0.2342219203710556,2025-09-12 11:31:19.935284,2025-09-12 11:31:21.220519,0 days 00:00:01.285235,80,0.2636300438375402,5,0.0010018274635707053,128,COMPLETE
