number,value,datetime_start,datetime_complete,duration,params_batch_size,params_drop_out,params_layber_number,params_lr,params_unit,state
0,0.7635117888450622,2025-09-04 21:27:59.488188,2025-09-04 21:28:00.697721,0 days 00:00:01.209533,96,0.06630126978748319,2,3.5976777755695705e-05,16,COMPLETE
1,0.18556977510452272,2025-09-04 21:28:00.697861,2025-09-04 21:28:01.567435,0 days 00:00:00.869574,48,0.17729853939213205,1,9.831619695711194e-05,96,COMPLETE
2,0.23227636218070985,2025-09-04 21:28:01.567523,2025-09-04 21:28:02.648274,0 days 00:00:01.080751,64,0.009166607434348018,4,0.008420305519098571,96,COMPLETE
3,0.7997841715812684,2025-09-04 21:28:02.648351,2025-09-04 21:28:03.727941,0 days 00:00:01.079590,64,0.11819483651830535,8,2.212601997558553e-05,16,COMPLETE
4,0.2683419734239578,2025-09-04 21:28:03.728026,2025-09-04 21:28:04.652988,0 days 00:00:00.924962,112,0.2981066462199423,3,0.009270320842981043,80,COMPLETE
5,0.18998165130615235,2025-09-04 21:28:04.653064,2025-09-04 21:28:06.036915,0 days 00:00:01.383851,32,0.02764015846166887,1,0.00013852833354281027,96,COMPLETE
6,0.21813679337501526,2025-09-04 21:28:06.036989,2025-09-04 21:28:07.202621,0 days 00:00:01.165632,80,0.05028754579857284,5,0.001958098007844297,96,COMPLETE
7,0.206415992975235,2025-09-04 21:28:07.202703,2025-09-04 21:28:07.909910,0 days 00:00:00.707207,96,0.2041248659149615,1,0.0030923536452928863,48,COMPLETE
8,0.24184112548828124,2025-09-04 21:28:07.909984,2025-09-04 21:28:10.861128,0 days 00:00:02.951144,16,0.24686691506808606,5,6.995396507364644e-05,96,COMPLETE
9,0.27109768986701965,2025-09-04 21:28:10.861209,2025-09-04 21:28:13.362708,0 days 00:00:02.501499,32,0.26624603934304214,8,0.00220941383763186,80,COMPLETE
10,0.21952829658985137,2025-09-04 21:28:13.362794,2025-09-04 21:28:14.721686,0 days 00:00:01.358892,48,0.16341655626542995,6,0.00035690700266685074,128,COMPLETE
11,0.18320599496364592,2025-09-04 21:28:14.721774,2025-09-04 21:28:16.783447,0 days 00:00:02.061673,16,0.13584731062040672,1,0.00020845246411402307,128,COMPLETE
12,0.2000189393758774,2025-09-04 21:28:16.783520,2025-09-04 21:28:19.079908,0 days 00:00:02.296388,16,0.12676688633994473,2,0.0003625925689210432,128,COMPLETE
13,0.190496763586998,2025-09-04 21:28:19.079989,2025-09-04 21:28:20.088645,0 days 00:00:01.008656,48,0.17528194028010094,3,0.00015914541168032736,128,COMPLETE
14,0.1962980553507805,2025-09-04 21:28:20.088725,2025-09-04 21:28:21.486634,0 days 00:00:01.397909,32,0.09175413214383449,1,0.0007391538843418944,112,COMPLETE
15,0.30217126607894895,2025-09-04 21:28:21.486711,2025-09-04 21:28:22.274180,0 days 00:00:00.787469,128,0.19623645738015044,2,6.545766674314169e-05,48,COMPLETE
16,0.7340048670768737,2025-09-04 21:28:22.274263,2025-09-04 21:28:23.260673,0 days 00:00:00.986410,48,0.22272191179494483,3,1.2318798928238573e-05,112,COMPLETE
17,0.22721691727638244,2025-09-04 21:28:23.260746,2025-09-04 21:28:26.298904,0 days 00:00:03.038158,16,0.13836834510143997,6,0.0007018368127397905,64,COMPLETE
18,0.17706893980503083,2025-09-04 21:28:26.298992,2025-09-04 21:28:27.700920,0 days 00:00:01.401928,32,0.09346123600441002,1,0.000132352838802566,112,COMPLETE
19,0.19096395522356033,2025-09-04 21:28:27.701003,2025-09-04 21:28:30.537887,0 days 00:00:02.836884,16,0.08895761558994614,4,0.00021764483010780294,112,COMPLETE
20,0.21206063032150269,2025-09-04 21:28:30.537977,2025-09-04 21:28:32.166659,0 days 00:00:01.628682,32,0.10282131421478616,2,3.971848851742088e-05,128,COMPLETE
21,0.1761346787214279,2025-09-04 21:28:32.166745,2025-09-04 21:28:32.922603,0 days 00:00:00.755858,48,0.15503247109373197,1,0.0001030237922148451,112,COMPLETE
22,0.1705615296959877,2025-09-04 21:28:32.922684,2025-09-04 21:28:34.315642,0 days 00:00:01.392958,32,0.14342117164632084,1,0.0006425430861072573,112,COMPLETE
23,0.19785117506980895,2025-09-04 21:28:34.315725,2025-09-04 21:28:35.189250,0 days 00:00:00.873525,64,0.1437198768279086,2,0.0012060857865614637,112,COMPLETE
24,0.20955710113048553,2025-09-04 21:28:35.189330,2025-09-04 21:28:36.947496,0 days 00:00:01.758166,32,0.11011472236307909,3,0.0005412750163630472,112,COMPLETE
25,0.20484770238399505,2025-09-04 21:28:36.947583,2025-09-04 21:28:37.680069,0 days 00:00:00.732486,48,0.06941301820477654,1,8.178294378455299e-05,80,COMPLETE
26,0.18617541790008546,2025-09-04 21:28:37.680150,2025-09-04 21:28:38.560839,0 days 00:00:00.880689,80,0.160343985294747,2,0.00029061559079601425,112,COMPLETE
27,0.27766027450561526,2025-09-04 21:28:38.560922,2025-09-04 21:28:39.905129,0 days 00:00:01.344207,32,0.07597802087719271,1,3.651724539209286e-05,64,COMPLETE
28,0.18999860286712647,2025-09-04 21:28:39.905217,2025-09-04 21:28:40.862904,0 days 00:00:00.957687,64,0.04267380654401168,3,0.0011615302719977642,96,COMPLETE
29,0.7901895642280579,2025-09-04 21:28:40.862988,2025-09-04 21:28:41.867798,0 days 00:00:01.004810,48,0.19432185551971182,7,1.961004020167268e-05,16,COMPLETE
30,0.32024249732494353,2025-09-04 21:28:41.867889,2025-09-04 21:28:42.572789,0 days 00:00:00.704900,80,0.21753670733754277,2,0.00011692486151214802,32,COMPLETE
31,0.1821383386850357,2025-09-04 21:28:42.572868,2025-09-04 21:28:44.652304,0 days 00:00:02.079436,16,0.13848083117209575,1,0.0002479374544451231,128,COMPLETE
32,0.18241523802280427,2025-09-04 21:28:44.652386,2025-09-04 21:28:46.078819,0 days 00:00:01.426433,32,0.15414156855470976,1,5.303457250309916e-05,128,COMPLETE
33,0.20197353661060333,2025-09-04 21:28:46.078896,2025-09-04 21:28:48.410096,0 days 00:00:02.331200,16,0.17861152821400147,2,0.0004664076567441967,128,COMPLETE
34,0.18139153122901916,2025-09-04 21:28:48.410177,2025-09-04 21:28:49.814907,0 days 00:00:01.404730,32,0.12170585052697123,1,0.00021704902105874408,112,COMPLETE
35,0.19213867783546448,2025-09-04 21:28:49.814985,2025-09-04 21:28:50.575399,0 days 00:00:00.760414,48,0.10962523114391634,1,0.000113169983976015,112,COMPLETE
36,0.19570538103580476,2025-09-04 21:28:50.575479,2025-09-04 21:28:51.429349,0 days 00:00:00.853870,64,0.0025215138808224458,2,0.00016586517238335868,96,COMPLETE
37,0.2395211637020111,2025-09-04 21:28:51.429426,2025-09-04 21:28:53.295524,0 days 00:00:01.866098,32,0.08284288726384315,4,0.00010109219329777823,80,COMPLETE
38,0.1860923081636429,2025-09-04 21:28:53.295616,2025-09-04 21:28:54.046105,0 days 00:00:00.750489,48,0.053139404858038385,1,0.001062371254438587,96,COMPLETE
39,0.43039262294769287,2025-09-04 21:28:54.046183,2025-09-04 21:28:55.048116,0 days 00:00:01.001933,64,0.12090132505844338,3,2.119872874295593e-05,112,COMPLETE
40,0.2019287645816803,2025-09-04 21:28:55.048216,2025-09-04 21:28:56.450179,0 days 00:00:01.401963,32,0.17176958154666708,1,0.00015157078745232165,96,COMPLETE
41,0.17712408304214478,2025-09-04 21:28:56.450262,2025-09-04 21:28:58.518660,0 days 00:00:02.068398,16,0.12603367426080228,1,0.00026435261911388384,112,COMPLETE
42,0.1970658004283905,2025-09-04 21:28:58.518740,2025-09-04 21:28:59.942780,0 days 00:00:01.424040,32,0.09558658906743722,1,0.0004461706912350238,112,COMPLETE
43,0.19903039038181305,2025-09-04 21:28:59.942853,2025-09-04 21:29:02.232062,0 days 00:00:02.289209,16,0.12004669587091639,2,0.0002747652137240897,96,COMPLETE
44,0.19702087640762328,2025-09-04 21:29:02.232143,2025-09-04 21:29:03.656746,0 days 00:00:01.424603,32,0.14944234605197892,1,0.004531960961097706,112,COMPLETE
45,0.18685837984085082,2025-09-04 21:29:03.656828,2025-09-04 21:29:05.936457,0 days 00:00:02.279629,16,0.12867578060959786,2,0.00019287828377006848,96,COMPLETE
46,0.21654442846775054,2025-09-04 21:29:05.936548,2025-09-04 21:29:07.310082,0 days 00:00:01.373534,32,0.05943617633290167,1,5.213453759119031e-05,80,COMPLETE
47,0.1919308751821518,2025-09-04 21:29:07.310159,2025-09-04 21:29:08.192007,0 days 00:00:00.881848,48,0.022417821330567606,2,0.0006851039670361897,112,COMPLETE
48,0.1901520550251007,2025-09-04 21:29:08.192092,2025-09-04 21:29:10.285421,0 days 00:00:02.093329,16,0.18404640904859304,1,0.00037011545517851886,128,COMPLETE
49,0.21635255515575408,2025-09-04 21:29:10.285504,2025-09-04 21:29:11.375370,0 days 00:00:01.089866,112,0.16372773883065272,4,0.001801543480436109,112,COMPLETE
50,0.28580394089221955,2025-09-04 21:29:11.375446,2025-09-04 21:29:12.530741,0 days 00:00:01.155295,48,0.10649629309797695,5,9.386018673602097e-05,96,COMPLETE
51,0.18233678936958314,2025-09-04 21:29:12.530820,2025-09-04 21:29:14.621975,0 days 00:00:02.091155,16,0.13365188073817194,1,0.0002478548647888886,128,COMPLETE
52,0.17481667399406434,2025-09-04 21:29:14.622053,2025-09-04 21:29:16.715517,0 days 00:00:02.093464,16,0.1452475500742583,1,0.00020161310446872917,128,COMPLETE
53,0.17900433242321015,2025-09-04 21:29:16.715597,2025-09-04 21:29:19.080307,0 days 00:00:02.364710,16,0.1453136259023711,2,0.00013083716130273521,128,COMPLETE
54,0.18653055727481843,2025-09-04 21:29:19.080383,2025-09-04 21:29:21.442645,0 days 00:00:02.362262,16,0.1511411314525935,2,7.052843394853855e-05,128,COMPLETE
55,0.1815686672925949,2025-09-04 21:29:21.442723,2025-09-04 21:29:23.534005,0 days 00:00:02.091282,16,0.1669226422425844,1,0.0001314788621544822,128,COMPLETE
56,0.18357215225696563,2025-09-04 21:29:23.534083,2025-09-04 21:29:25.634490,0 days 00:00:02.100407,16,0.18968000694755396,1,0.00016737368399381093,128,COMPLETE
57,0.22283523678779601,2025-09-04 21:29:25.634573,2025-09-04 21:29:27.990046,0 days 00:00:02.355473,16,0.21068061581279202,2,5.066528097250289e-05,128,COMPLETE
58,0.18936793208122255,2025-09-04 21:29:27.990138,2025-09-04 21:29:29.768062,0 days 00:00:01.777924,32,0.10098966295064957,3,0.00032901593759592033,112,COMPLETE
59,0.19011848270893097,2025-09-04 21:29:29.768139,2025-09-04 21:29:31.408441,0 days 00:00:01.640302,32,0.2933125610006818,2,0.0005726110288269727,128,COMPLETE
60,0.19294958859682082,2025-09-04 21:29:31.408519,2025-09-04 21:29:33.475140,0 days 00:00:02.066621,16,0.14364130844154002,1,0.0008431308906480472,112,COMPLETE
61,0.17197211384773253,2025-09-04 21:29:33.475223,2025-09-04 21:29:34.891581,0 days 00:00:01.416358,32,0.11888059456045444,1,0.00020745283406321824,112,COMPLETE
62,0.1823379397392273,2025-09-04 21:29:34.891661,2025-09-04 21:29:36.312380,0 days 00:00:01.420719,32,0.1326932129710957,1,8.422300527084341e-05,112,COMPLETE
63,0.17213528454303742,2025-09-04 21:29:36.312462,2025-09-04 21:29:37.731129,0 days 00:00:01.418667,32,0.11347892998678749,1,0.00013878856586110137,112,COMPLETE
64,0.17413116097450257,2025-09-04 21:29:37.731212,2025-09-04 21:29:38.486354,0 days 00:00:00.755142,48,0.11374482940492503,1,0.00019540572483409786,96,COMPLETE
65,0.16965184211730958,2025-09-04 21:29:38.486446,2025-09-04 21:29:39.943334,0 days 00:00:01.456888,48,0.08310222098662862,8,0.00017395425782709982,96,COMPLETE
66,0.22281709611415862,2025-09-04 21:29:39.943418,2025-09-04 21:29:41.295662,0 days 00:00:01.352244,48,0.08299097328342381,7,0.000185971247385434,96,COMPLETE
67,0.2078939348459244,2025-09-04 21:29:41.295751,2025-09-04 21:29:42.681741,0 days 00:00:01.385990,64,0.07202439787555226,8,0.00038700769294859605,80,COMPLETE
68,0.37890562415122986,2025-09-04 21:29:42.681811,2025-09-04 21:29:43.842967,0 days 00:00:01.161156,48,0.11567686351051695,6,6.875017043866086e-05,64,COMPLETE
69,0.2053459346294403,2025-09-04 21:29:43.843042,2025-09-04 21:29:45.197196,0 days 00:00:01.354154,48,0.11339831312545519,7,0.00021250494085090277,96,COMPLETE
70,0.268059629201889,2025-09-04 21:29:45.197288,2025-09-04 21:29:46.351616,0 days 00:00:01.154328,64,0.09897034513235606,5,0.00011342353490704272,96,COMPLETE
71,0.1868962287902832,2025-09-04 21:29:46.351704,2025-09-04 21:29:47.771794,0 days 00:00:01.420090,32,0.09101542854742391,1,0.00014289770447979106,112,COMPLETE
72,0.1802630454301834,2025-09-04 21:29:47.771879,2025-09-04 21:29:48.538933,0 days 00:00:00.767054,48,0.08065442617489073,1,8.504896889086804e-05,112,COMPLETE
73,0.1795268952846527,2025-09-04 21:29:48.539018,2025-09-04 21:29:49.288243,0 days 00:00:00.749225,48,0.0629082968238389,1,0.00016857317933245984,96,COMPLETE
74,0.24860829412937163,2025-09-04 21:29:49.288321,2025-09-04 21:29:50.607764,0 days 00:00:01.319443,96,0.15928930005400083,6,0.00010239239052379258,112,COMPLETE
75,0.17601480782032014,2025-09-04 21:29:50.607846,2025-09-04 21:29:52.021526,0 days 00:00:01.413680,32,0.10559358620140843,1,0.00029208810429679426,112,COMPLETE
76,0.19336349368095399,2025-09-04 21:29:52.021610,2025-09-04 21:29:53.600517,0 days 00:00:01.578907,32,0.11030695471830498,2,0.0005178938457476093,96,COMPLETE
77,0.189743247628212,2025-09-04 21:29:53.600596,2025-09-04 21:29:55.014951,0 days 00:00:01.414355,32,0.137908721124156,1,0.00023569933867441235,112,COMPLETE
78,0.18509735465049743,2025-09-04 21:29:55.015026,2025-09-04 21:29:55.784272,0 days 00:00:00.769246,48,0.12965459108013286,1,0.0004224093426510124,112,COMPLETE
79,0.1882002681493759,2025-09-04 21:29:55.784344,2025-09-04 21:29:56.519705,0 days 00:00:00.735361,80,0.15459908533891778,1,0.0003159988562202996,80,COMPLETE
80,0.16978646963834762,2025-09-04 21:29:56.519781,2025-09-04 21:29:57.381688,0 days 00:00:00.861907,48,0.12342911266799397,2,0.0003319354818200245,96,COMPLETE
81,0.1985062211751938,2025-09-04 21:29:57.381762,2025-09-04 21:29:58.134807,0 days 00:00:00.753045,48,0.12034052672194283,1,0.00032490880586224266,96,COMPLETE
82,0.1792366623878479,2025-09-04 21:29:58.134906,2025-09-04 21:29:58.969657,0 days 00:00:00.834751,64,0.10492378216919956,2,0.0001961415517060912,80,COMPLETE
83,0.19691790044307708,2025-09-04 21:29:58.969750,2025-09-04 21:30:00.360231,0 days 00:00:01.390481,32,0.12487309430044381,1,0.0006031308976704815,96,COMPLETE
84,0.19535151422023772,2025-09-04 21:30:00.360312,2025-09-04 21:30:01.124234,0 days 00:00:00.763922,48,0.14070069261445714,1,0.0008173143362419597,112,COMPLETE
85,0.2792504638433456,2025-09-04 21:30:01.124318,2025-09-04 21:30:03.476300,0 days 00:00:02.351982,32,0.08674137114953759,8,0.0001539125722110763,48,COMPLETE
86,0.18582591116428376,2025-09-04 21:30:03.476386,2025-09-04 21:30:04.334669,0 days 00:00:00.858283,48,0.09566778008812873,2,0.00028053690328351034,96,COMPLETE
87,0.18419178426265717,2025-09-04 21:30:04.334745,2025-09-04 21:30:05.100767,0 days 00:00:00.766022,128,0.11403919422046634,1,0.00047686582896915844,112,COMPLETE
88,0.19362296164035797,2025-09-04 21:30:05.100851,2025-09-04 21:30:05.863856,0 days 00:00:00.763005,64,0.15620722235875076,1,0.00024024467556116023,112,COMPLETE
89,0.20280912816524505,2025-09-04 21:30:05.863933,2025-09-04 21:30:06.775028,0 days 00:00:00.911095,48,0.16986000056481473,2,0.00018332834909975045,128,COMPLETE
90,0.20090775489807128,2025-09-04 21:30:06.775105,2025-09-04 21:30:08.171439,0 days 00:00:01.396334,32,0.04130665533696049,1,0.00012294138622773382,96,COMPLETE
91,0.1825818032026291,2025-09-04 21:30:08.171530,2025-09-04 21:30:09.581934,0 days 00:00:01.410404,32,0.07687456845096655,1,0.0001425016334102636,112,COMPLETE
92,0.1856450319290161,2025-09-04 21:30:09.582022,2025-09-04 21:30:10.994286,0 days 00:00:01.412264,32,0.10221649231000088,1,0.00010746586450524529,112,COMPLETE
93,0.19488712549209594,2025-09-04 21:30:10.994366,2025-09-04 21:30:11.773686,0 days 00:00:00.779320,48,0.14898998613373202,1,0.000208231535665314,128,COMPLETE
94,0.19087124168872832,2025-09-04 21:30:11.773774,2025-09-04 21:30:13.380613,0 days 00:00:01.606839,32,0.09267880702002669,2,0.00027949199421883165,112,COMPLETE
95,0.21145084798336028,2025-09-04 21:30:13.380691,2025-09-04 21:30:15.158043,0 days 00:00:01.777352,32,0.12454470505880502,3,0.0014542228055849826,112,COMPLETE
96,0.18078572750091554,2025-09-04 21:30:15.158131,2025-09-04 21:30:15.913406,0 days 00:00:00.755275,48,0.13465493048047408,1,0.00036191714291891743,96,COMPLETE
97,0.17587812542915343,2025-09-04 21:30:15.913482,2025-09-04 21:30:17.548674,0 days 00:00:01.635192,32,0.1796735369620703,2,0.00016586134009502173,128,COMPLETE
98,0.21432214975357056,2025-09-04 21:30:17.548768,2025-09-04 21:30:19.188471,0 days 00:00:01.639703,32,0.18274633525570966,2,6.117618117416904e-05,128,COMPLETE
99,0.2049235910177231,2025-09-04 21:30:19.188555,2025-09-04 21:30:20.321608,0 days 00:00:01.133053,48,0.14362852983996033,4,0.00016871706334529784,128,COMPLETE
