number,value,datetime_start,datetime_complete,duration,params_batch_size,params_drop_out,params_layber_number,params_lr,params_unit,state
0,0.758732259273529,2025-09-04 18:51:41.830941,2025-09-04 18:51:42.480326,0 days 00:00:00.649385,128,0.09590700951202707,1,1.0643282310660093e-05,32,COMPLETE
1,0.22096778750419616,2025-09-04 18:51:42.480419,2025-09-04 18:51:43.975151,0 days 00:00:01.494732,48,0.1766441669172119,7,0.00013684636565915252,112,COMPLETE
2,0.7452616453170776,2025-09-04 18:51:43.975241,2025-09-04 18:51:45.112835,0 days 00:00:01.137594,32,0.07408105885739825,1,2.3225611559073008e-05,16,COMPLETE
3,0.6894139766693115,2025-09-04 18:51:45.112929,2025-09-04 18:51:46.629973,0 days 00:00:01.517044,80,0.05954153577024035,8,2.27304818912178e-05,96,COMPLETE
4,0.22261386513710021,2025-09-04 18:51:46.630060,2025-09-04 18:51:48.066779,0 days 00:00:01.436719,128,0.15915740946103177,7,0.0015768648043346595,96,COMPLETE
5,0.24227638840675353,2025-09-04 18:51:48.066921,2025-09-04 18:51:49.473678,0 days 00:00:01.406757,128,0.045643391504669374,6,0.00744455817509697,112,COMPLETE
6,0.29135567247867583,2025-09-04 18:51:49.473764,2025-09-04 18:51:52.217785,0 days 00:00:02.744021,16,0.06011405828280901,6,0.00010952162988019821,32,COMPLETE
7,0.2850004076957703,2025-09-04 18:51:52.217878,2025-09-04 18:51:54.569075,0 days 00:00:02.351197,16,0.07783875980608898,2,1.692916663584775e-05,96,COMPLETE
8,0.4821628093719482,2025-09-04 18:51:54.569165,2025-09-04 18:51:57.437258,0 days 00:00:02.868093,16,0.24915632491660278,7,0.0005313386716417691,16,COMPLETE
9,0.6883103132247925,2025-09-04 18:51:57.437351,2025-09-04 18:51:59.118141,0 days 00:00:01.680790,32,0.03967130851748076,3,1.7757675137164168e-05,48,COMPLETE
10,0.22551392912864685,2025-09-04 18:51:59.118231,2025-09-04 18:52:00.334534,0 days 00:00:01.216303,64,0.21158176494557068,4,0.00012718121405712557,128,COMPLETE
11,0.21478635668754578,2025-09-04 18:52:00.334624,2025-09-04 18:52:01.748165,0 days 00:00:01.413541,80,0.1656501932395604,8,0.0010891350409520824,80,COMPLETE
12,0.2299641788005829,2025-09-04 18:52:01.748255,2025-09-04 18:52:03.094684,0 days 00:00:01.346429,80,0.15998441754847267,8,0.0008721116167478748,64,COMPLETE
13,0.25262433886528013,2025-09-04 18:52:03.094773,2025-09-04 18:52:04.238383,0 days 00:00:01.143610,64,0.2085802582922498,5,0.00016083126153009508,80,COMPLETE
14,0.3045259594917297,2025-09-04 18:52:04.238464,2025-09-04 18:52:05.944495,0 days 00:00:01.706031,96,0.28630594849879876,8,0.0029458506512450365,128,COMPLETE
15,0.1810896575450897,2025-09-04 18:52:05.944597,2025-09-04 18:52:07.183536,0 days 00:00:01.238939,48,0.11893386961098654,6,0.0002810618209216704,80,COMPLETE
16,0.2356467753648758,2025-09-04 18:52:07.183625,2025-09-04 18:52:08.274444,0 days 00:00:01.090819,96,0.12251615787193132,5,0.0003510581879487442,64,COMPLETE
17,0.23188360333442687,2025-09-04 18:52:08.274524,2025-09-04 18:52:09.510807,0 days 00:00:01.236283,48,0.11811712482032605,6,0.003361237605928123,80,COMPLETE
18,0.22351766228675843,2025-09-04 18:52:09.510886,2025-09-04 18:52:10.498696,0 days 00:00:00.987810,96,0.2004873145829606,4,0.0009063104559463007,48,COMPLETE
19,0.18891624212265015,2025-09-04 18:52:10.498784,2025-09-04 18:52:11.845988,0 days 00:00:01.347204,48,0.005746248459928216,7,0.00027492621377181247,80,COMPLETE
20,0.27767476737499236,2025-09-04 18:52:11.846078,2025-09-04 18:52:12.946196,0 days 00:00:01.100118,48,0.008954595110620162,5,5.404670140012543e-05,64,COMPLETE
21,0.22403968572616578,2025-09-04 18:52:12.946287,2025-09-04 18:52:14.282090,0 days 00:00:01.335803,64,0.00545120694650039,7,0.0002868669583157108,80,COMPLETE
22,0.22196872234344484,2025-09-04 18:52:14.282177,2025-09-04 18:52:16.542150,0 days 00:00:02.259973,32,0.12260687063933505,6,0.00027964368615105453,80,COMPLETE
23,0.5210582792758942,2025-09-04 18:52:16.542243,2025-09-04 18:52:18.057277,0 days 00:00:01.515034,80,0.23453704252863788,8,5.8520933241520834e-05,96,COMPLETE
24,0.26170550286769867,2025-09-04 18:52:18.057364,2025-09-04 18:52:19.290420,0 days 00:00:01.233056,48,0.18355699484303725,7,0.000790522005485958,48,COMPLETE
25,0.2572325527667999,2025-09-04 18:52:19.290508,2025-09-04 18:52:20.669895,0 days 00:00:01.379387,112,0.1470681185031505,6,0.0017822352838302072,112,COMPLETE
26,0.23403290510177613,2025-09-04 18:52:20.669987,2025-09-04 18:52:22.051840,0 days 00:00:01.381853,64,0.02684058269205014,8,0.0004716250104112654,64,COMPLETE
27,0.21667181849479675,2025-09-04 18:52:22.051928,2025-09-04 18:52:24.456095,0 days 00:00:02.404167,32,0.09762829867374243,7,0.00019922487231394267,80,COMPLETE
28,0.21031181514263153,2025-09-04 18:52:24.456185,2025-09-04 18:52:25.648582,0 days 00:00:01.192397,48,0.13901816292694133,5,0.001571227623281453,96,COMPLETE
29,0.24839279651641846,2025-09-04 18:52:25.648688,2025-09-04 18:52:26.754423,0 days 00:00:01.105735,48,0.09776020530541718,4,6.881567664049995e-05,96,COMPLETE
30,0.31506567895412446,2025-09-04 18:52:26.754513,2025-09-04 18:52:28.985120,0 days 00:00:02.230607,32,0.2938888224752864,5,0.007651203259193021,112,COMPLETE
31,0.20626940131187438,2025-09-04 18:52:28.985210,2025-09-04 18:52:30.216266,0 days 00:00:01.231056,64,0.14041572934727103,6,0.0015230297451823383,80,COMPLETE
32,0.26831998825073244,2025-09-04 18:52:30.216358,2025-09-04 18:52:31.526710,0 days 00:00:01.310352,48,0.1348030231167091,6,0.003973921313474047,96,COMPLETE
33,0.21902860403060914,2025-09-04 18:52:31.526800,2025-09-04 18:52:32.655567,0 days 00:00:01.128767,64,0.10134849091239774,5,0.0018554019889667245,64,COMPLETE
34,0.1812496453523636,2025-09-04 18:52:32.655654,2025-09-04 18:52:34.328824,0 days 00:00:01.673170,48,0.13676742379717302,6,0.0004279429373364957,112,COMPLETE
35,0.20480360388755797,2025-09-04 18:52:34.328912,2025-09-04 18:52:36.738594,0 days 00:00:02.409682,32,0.18007423418873286,6,0.000536838370825771,112,COMPLETE
36,0.21486631631851197,2025-09-04 18:52:36.738688,2025-09-04 18:52:39.305857,0 days 00:00:02.567169,32,0.07817178768741777,7,0.0005197093460137874,112,COMPLETE
37,0.2151176154613495,2025-09-04 18:52:39.305956,2025-09-04 18:52:43.087215,0 days 00:00:03.781259,16,0.18393478503848346,7,0.00018233222198775302,128,COMPLETE
38,0.20509540140628815,2025-09-04 18:52:43.087314,2025-09-04 18:52:45.489407,0 days 00:00:02.402093,32,0.16947403482341206,6,9.917691563327736e-05,112,COMPLETE
39,0.27303968369960785,2025-09-04 18:52:45.489588,2025-09-04 18:52:48.156843,0 days 00:00:02.667255,32,0.2508556231116228,7,0.00040524715775105795,128,COMPLETE
40,0.17607394754886627,2025-09-04 18:52:48.156930,2025-09-04 18:52:49.530689,0 days 00:00:01.373759,48,0.061944925798901165,6,0.0002455920273332987,112,COMPLETE
41,0.24514781236648558,2025-09-04 18:52:49.530776,2025-09-04 18:52:50.901399,0 days 00:00:01.370623,48,0.06649577035500485,6,0.00025006671889988733,112,COMPLETE
42,0.18752327263355256,2025-09-04 18:52:50.901488,2025-09-04 18:52:51.709966,0 days 00:00:00.808478,48,0.04200974864141236,1,0.0005450774046401978,112,COMPLETE
43,0.20502060353755952,2025-09-04 18:52:51.710053,2025-09-04 18:52:52.489334,0 days 00:00:00.779281,48,0.024130639932809103,1,0.0006951223182981189,96,COMPLETE
44,0.17900291085243225,2025-09-04 18:52:52.489421,2025-09-04 18:52:53.323007,0 days 00:00:00.833586,48,0.04477954690751339,1,9.627794666562668e-05,128,COMPLETE
45,0.17272427380084993,2025-09-04 18:52:53.323096,2025-09-04 18:52:54.129377,0 days 00:00:00.806281,64,0.045393797716566,1,8.297399851085324e-05,128,COMPLETE
46,0.18998445123434066,2025-09-04 18:52:54.129468,2025-09-04 18:52:55.151676,0 days 00:00:01.022208,64,0.05122379029623697,2,8.930333396093712e-05,128,COMPLETE
47,0.27894646525382993,2025-09-04 18:52:55.151765,2025-09-04 18:52:56.118681,0 days 00:00:00.966916,64,0.08025772121474721,2,2.6935423753561777e-05,128,COMPLETE
48,0.24835148453712463,2025-09-04 18:52:56.118856,2025-09-04 18:52:57.308030,0 days 00:00:01.189174,80,0.028987737079923477,3,2.9814867048102992e-05,128,COMPLETE
49,0.2333160310983658,2025-09-04 18:52:57.308112,2025-09-04 18:52:58.102923,0 days 00:00:00.794811,64,0.05456963319962312,1,3.5654632374359706e-05,128,COMPLETE
50,0.20270430743694307,2025-09-04 18:52:58.103016,2025-09-04 18:52:59.133469,0 days 00:00:01.030453,48,0.11190887884560284,3,0.0001375072622295759,112,COMPLETE
51,0.1853519231081009,2025-09-04 18:52:59.133555,2025-09-04 18:52:59.919484,0 days 00:00:00.785929,48,0.04096401831918254,1,0.00022052191368254103,112,COMPLETE
52,0.19686948955059053,2025-09-04 18:52:59.919582,2025-09-04 18:53:00.724115,0 days 00:00:00.804533,48,0.06570407881119425,1,8.60360049357276e-05,128,COMPLETE
53,0.1896347999572754,2025-09-04 18:53:00.724212,2025-09-04 18:53:01.646014,0 days 00:00:00.921802,64,0.08537828743610162,2,0.00021277909929086981,112,COMPLETE
54,0.1811142534017563,2025-09-04 18:53:01.646109,2025-09-04 18:53:02.625762,0 days 00:00:00.979653,48,0.0337864273937543,2,0.00015266634252369526,128,COMPLETE
55,0.1884365677833557,2025-09-04 18:53:02.625852,2025-09-04 18:53:04.300074,0 days 00:00:01.674222,32,0.017980241657289377,2,4.157465570746486e-05,128,COMPLETE
56,0.23094876408576964,2025-09-04 18:53:04.300157,2025-09-04 18:53:04.916301,0 days 00:00:00.616144,64,0.03398989468518546,1,0.00013396645298450712,32,COMPLETE
57,0.2120883822441101,2025-09-04 18:53:04.916405,2025-09-04 18:53:06.088343,0 days 00:00:01.171938,48,0.061425686250381965,4,0.00032911522333544237,128,COMPLETE
58,0.1958446055650711,2025-09-04 18:53:06.088439,2025-09-04 18:53:07.083025,0 days 00:00:00.994586,80,0.08655599295418513,2,0.00015253314305937028,128,COMPLETE
59,0.7929799079895019,2025-09-04 18:53:07.083122,2025-09-04 18:53:07.846548,0 days 00:00:00.763426,48,0.013320231588932446,3,1.383635827543312e-05,16,COMPLETE
60,0.19108637571334838,2025-09-04 18:53:07.846640,2025-09-04 18:53:10.014439,0 days 00:00:02.167799,16,0.06892349176024183,1,4.994872456251815e-05,128,COMPLETE
61,0.1759394347667694,2025-09-04 18:53:10.014569,2025-09-04 18:53:10.804672,0 days 00:00:00.790103,48,0.04075367695779332,1,7.60509907858082e-05,112,COMPLETE
62,0.17873770892620086,2025-09-04 18:53:10.804757,2025-09-04 18:53:11.645470,0 days 00:00:00.840713,48,0.05270810652836169,1,7.454443346939746e-05,112,COMPLETE
63,0.19339735209941863,2025-09-04 18:53:11.645560,2025-09-04 18:53:12.449742,0 days 00:00:00.804182,64,0.05055946651189409,1,7.444203525968242e-05,112,COMPLETE
64,0.18215865194797515,2025-09-04 18:53:12.449852,2025-09-04 18:53:13.901367,0 days 00:00:01.451515,32,0.037846045697070396,1,0.00011613258069305738,96,COMPLETE
65,0.1851924866437912,2025-09-04 18:53:13.901454,2025-09-04 18:53:14.840387,0 days 00:00:00.938933,48,0.023719529171581568,2,6.953564124425572e-05,128,COMPLETE
66,0.18625429570674895,2025-09-04 18:53:14.840479,2025-09-04 18:53:15.733887,0 days 00:00:00.893408,48,4.856593012723953e-05,2,0.00010928262456218364,96,COMPLETE
67,0.19380353391170502,2025-09-04 18:53:15.733984,2025-09-04 18:53:16.467957,0 days 00:00:00.733973,64,0.057411099415038955,1,0.00017231766531411978,48,COMPLETE
68,0.18324569165706633,2025-09-04 18:53:16.468053,2025-09-04 18:53:17.981066,0 days 00:00:01.513013,32,0.04624367640314264,1,5.095785402248135e-05,128,COMPLETE
69,0.19650433361530303,2025-09-04 18:53:17.981247,2025-09-04 18:53:18.885350,0 days 00:00:00.904103,48,0.07317685396332746,2,8.148550389740875e-05,96,COMPLETE
70,0.18105160892009736,2025-09-04 18:53:18.885447,2025-09-04 18:53:19.676146,0 days 00:00:00.790699,80,0.03335416151157438,1,6.22196382028928e-05,112,COMPLETE
71,0.1848660260438919,2025-09-04 18:53:19.676240,2025-09-04 18:53:20.463532,0 days 00:00:00.787292,80,0.03210018069806113,1,6.374506183909669e-05,112,COMPLETE
72,0.2401906043291092,2025-09-04 18:53:20.463626,2025-09-04 18:53:21.252469,0 days 00:00:00.788843,80,0.046523073249599346,1,3.474063517544741e-05,112,COMPLETE
73,0.19141520261764527,2025-09-04 18:53:21.252567,2025-09-04 18:53:22.068819,0 days 00:00:00.816252,96,0.014366283082618527,1,4.569548640665567e-05,128,COMPLETE
74,0.1965385138988495,2025-09-04 18:53:22.068910,2025-09-04 18:53:22.994266,0 days 00:00:00.925356,64,0.020453044972293187,2,9.82725650803546e-05,112,COMPLETE
75,0.17703957259654998,2025-09-04 18:53:22.994351,2025-09-04 18:53:23.795617,0 days 00:00:00.801266,48,0.035998773157782604,1,0.00012686136428326905,112,COMPLETE
76,0.22048159539699555,2025-09-04 18:53:23.795710,2025-09-04 18:53:24.611080,0 days 00:00:00.815370,96,0.06058238036325467,1,5.881902968495619e-05,96,COMPLETE
77,0.1978156179189682,2025-09-04 18:53:24.611167,2025-09-04 18:53:25.408635,0 days 00:00:00.797468,112,0.09061183667552374,1,0.00011171426209917768,112,COMPLETE
78,0.1971444934606552,2025-09-04 18:53:25.408728,2025-09-04 18:53:26.199189,0 days 00:00:00.790461,48,0.055141005598093526,1,0.0002652994420349288,112,COMPLETE
79,0.18151789009571076,2025-09-04 18:53:26.199295,2025-09-04 18:53:26.966832,0 days 00:00:00.767537,64,0.11199151778515148,1,0.00012841322336880635,96,COMPLETE
80,0.26814408898353576,2025-09-04 18:53:26.966925,2025-09-04 18:53:28.657252,0 days 00:00:01.690327,32,0.071502849693651,2,1.9500115073065754e-05,112,COMPLETE
81,0.1862340122461319,2025-09-04 18:53:28.657350,2025-09-04 18:53:29.513514,0 days 00:00:00.856164,48,0.032383499379225626,1,0.0001593946416245725,128,COMPLETE
82,0.1886317253112793,2025-09-04 18:53:29.513620,2025-09-04 18:53:30.457776,0 days 00:00:00.944156,48,0.0436586158963318,2,0.0001939166878826652,128,COMPLETE
83,0.1804492473602295,2025-09-04 18:53:30.457870,2025-09-04 18:53:31.252332,0 days 00:00:00.794462,48,0.027034855537280578,1,7.814822569110796e-05,112,COMPLETE
84,0.18084050416946412,2025-09-04 18:53:31.252438,2025-09-04 18:53:32.035221,0 days 00:00:00.782783,48,0.009125194969639455,1,7.951822372388436e-05,112,COMPLETE
85,0.1853053480386734,2025-09-04 18:53:32.035312,2025-09-04 18:53:32.818963,0 days 00:00:00.783651,80,0.008916140448220103,1,7.675416296431461e-05,112,COMPLETE
86,0.22306470572948456,2025-09-04 18:53:32.819053,2025-09-04 18:53:33.622739,0 days 00:00:00.803686,48,0.024551444727431603,1,3.9686644184553484e-05,112,COMPLETE
87,0.18683503568172455,2025-09-04 18:53:33.622830,2025-09-04 18:53:35.119867,0 days 00:00:01.497037,32,0.0008197229168380102,1,7.744968409397648e-05,112,COMPLETE
88,0.1761296957731247,2025-09-04 18:53:35.119959,2025-09-04 18:53:35.887927,0 days 00:00:00.767968,64,0.015748502203430794,1,9.702751812091464e-05,96,COMPLETE
89,0.18812650740146636,2025-09-04 18:53:35.888020,2025-09-04 18:53:36.654473,0 days 00:00:00.766453,64,0.011408346884013917,1,9.423646550354662e-05,96,COMPLETE
90,0.18791876435279847,2025-09-04 18:53:36.654565,2025-09-04 18:53:37.555485,0 days 00:00:00.900920,64,0.021016223977751138,2,0.00010580848416480074,96,COMPLETE
91,0.18836160898208618,2025-09-04 18:53:37.555577,2025-09-04 18:53:38.349341,0 days 00:00:00.793764,48,0.0354830872544587,1,5.88000751793508e-05,112,COMPLETE
92,0.19150413572788239,2025-09-04 18:53:38.349441,2025-09-04 18:53:39.147695,0 days 00:00:00.798254,80,0.02897249825934212,1,6.561362191051127e-05,112,COMPLETE
93,0.19706709086894988,2025-09-04 18:53:39.147783,2025-09-04 18:53:39.942959,0 days 00:00:00.795176,64,0.04122780575160864,1,8.593582294115063e-05,112,COMPLETE
94,0.20974445044994355,2025-09-04 18:53:39.943045,2025-09-04 18:53:40.744491,0 days 00:00:00.801446,48,0.04985733727593689,1,5.1705861734418645e-05,112,COMPLETE
95,0.17780046164989471,2025-09-04 18:53:40.744581,2025-09-04 18:53:41.539717,0 days 00:00:00.795136,48,0.016468256609077886,1,0.00012453412120221597,112,COMPLETE
96,0.1934542715549469,2025-09-04 18:53:41.539800,2025-09-04 18:53:42.309200,0 days 00:00:00.769400,48,0.00525284838117171,1,0.00012529602052565605,96,COMPLETE
97,0.190971976518631,2025-09-04 18:53:42.309296,2025-09-04 18:53:43.119763,0 days 00:00:00.810467,48,0.017561008990260724,1,0.00023689638566235663,112,COMPLETE
98,0.19048715829849244,2025-09-04 18:53:43.119853,2025-09-04 18:53:44.191770,0 days 00:00:01.071917,48,0.015178705062849348,3,9.385072592975289e-05,128,COMPLETE
99,0.18749848008155823,2025-09-04 18:53:44.191853,2025-09-04 18:53:45.105638,0 days 00:00:00.913785,64,0.0398468677428503,2,0.00015108575811057542,96,COMPLETE
